[0512/125720:ERROR:process_reader_win.cc(232)] ReadMemory at 0x7486e490 of 38 bytes failed: 仅完成部分的 ReadProcessMemory 或 WriteProcessMemory 请求。 (0x12B)
[0512/125721:WARNING:pe_image_reader.cc(154)] could not read debug directory from C:\WINDOWS\SYSTEM32\KERNEL32.DLL
[0512/125720:ERROR:process_reader_win.cc(232)] ReadMemory at 0x7486e490 of 38 bytes failed: 仅完成部分的 ReadProcessMemory 或 WriteProcessMemory 请求。 (0x12B)
[0512/125721:WARNING:pe_image_reader.cc(154)] could not read debug directory from C:\WINDOWS\SYSTEM32\KERNEL32.DLL
[0512/125721:ERROR:process_reader_win.cc(232)] ReadMemory at 0x73f70000 of 64 bytes failed: 仅完成部分的 ReadProcessMemory 或 WriteProcessMemory 请求。 (0x12B)
[0512/125721:WARNING:pe_image_reader.cc(280)] could not read dos header from C:\WINDOWS\system32\apphelp.dll
[0512/125720:ERROR:process_reader_win.cc(232)] ReadMemory at 0x7486e490 of 38 bytes failed: 仅完成部分的 ReadProcessMemory 或 WriteProcessMemory 请求。 (0x12B)
[0512/125721:WARNING:pe_image_reader.cc(154)] could not read debug directory from C:\WINDOWS\SYSTEM32\KERNEL32.DLL
[0512/125721:ERROR:process_reader_win.cc(232)] ReadMemory at 0x76f30000 of 64 bytes failed: 仅完成部分的 ReadProcessMemory 或 WriteProcessMemory 请求。 (0x12B)
[0512/125721:WARNING:pe_image_reader.cc(280)] could not read dos header from C:\WINDOWS\SYSTEM32\msvcrt.dll
[0512/125721:ERROR:process_reader_win.cc(232)] ReadMemory at 0x73f70000 of 64 bytes failed: 仅完成部分的 ReadProcessMemory 或 WriteProcessMemory 请求。 (0x12B)
[0512/125721:ERROR:process_reader_win.cc(232)] ReadMemory at 0x74630000 of 64 bytes failed: 仅完成部分的 ReadProcessMemory 或 WriteProcessMemory 请求。 (0x12B)
[0512/125721:WARNING:pe_image_reader.cc(280)] could not read dos header from C:\WINDOWS\system32\apphelp.dll
[0512/125721:WARNING:pe_image_reader.cc(280)] could not read dos header from C:\WINDOWS\SYSTEM32\bcryptPrimitives.dll
[0512/125721:ERROR:process_reader_win.cc(232)] ReadMemory at 0x76f30000 of 64 bytes failed: 仅完成部分的 ReadProcessMemory 或 WriteProcessMemory 请求。 (0x12B)
[0512/125721:ERROR:process_reader_win.cc(232)] ReadMemory at 0x74010000 of 64 bytes failed: 仅完成部分的 ReadProcessMemory 或 WriteProcessMemory 请求。 (0x12B)
[0512/125721:WARNING:pe_image_reader.cc(280)] could not read dos header from C:\WINDOWS\SYSTEM32\msvcrt.dll
[0512/125721:WARNING:pe_image_reader.cc(280)] could not read dos header from C:\WINDOWS\SYSTEM32\CRYPTBASE.dll
[0512/125721:ERROR:process_reader_win.cc(232)] ReadMemory at 0x74630000 of 64 bytes failed: 仅完成部分的 ReadProcessMemory 或 WriteProcessMemory 请求。 (0x12B)
[0512/125721:ERROR:process_reader_win.cc(232)] ReadMemory at 0x74020000 of 64 bytes failed: 仅完成部分的 ReadProcessMemory 或 WriteProcessMemory 请求。 (0x12B)
[0512/125721:WARNING:pe_image_reader.cc(280)] could not read dos header from C:\WINDOWS\SYSTEM32\bcryptPrimitives.dll
[0512/125721:WARNING:pe_image_reader.cc(280)] could not read dos header from C:\WINDOWS\SYSTEM32\SspiCli.dll
[0512/125721:ERROR:process_reader_win.cc(232)] ReadMemory at 0x74010000 of 64 bytes failed: 仅完成部分的 ReadProcessMemory 或 WriteProcessMemory 请求。 (0x12B)
[0512/125721:ERROR:process_reader_win.cc(232)] ReadMemory at 0x74e20000 of 64 bytes failed: 仅完成部分的 ReadProcessMemory 或 WriteProcessMemory 请求。 (0x12B)
[0512/125721:WARNING:pe_image_reader.cc(280)] could not read dos header from C:\WINDOWS\SYSTEM32\CRYPTBASE.dll
[0512/125721:WARNING:pe_image_reader.cc(280)] could not read dos header from C:\WINDOWS\SYSTEM32\RPCRT4.dll
[0512/125721:ERROR:process_reader_win.cc(232)] ReadMemory at 0x74020000 of 64 bytes failed: 仅完成部分的 ReadProcessMemory 或 WriteProcessMemory 请求。 (0x12B)
[0512/125721:WARNING:pe_image_reader.cc(280)] could not read dos header from C:\WINDOWS\SYSTEM32\SspiCli.dll
[0512/125721:ERROR:process_reader_win.cc(232)] ReadMemory at 0x74790000 of 64 bytes failed: 仅完成部分的 ReadProcessMemory 或 WriteProcessMemory 请求。 (0x12B)
[0512/125721:WARNING:pe_image_reader.cc(280)] could not read dos header from C:\WINDOWS\SYSTEM32\sechost.dll
[0512/125721:ERROR:process_reader_win.cc(232)] ReadMemory at 0x74e20000 of 64 bytes failed: 仅完成部分的 ReadProcessMemory 或 WriteProcessMemory 请求。 (0x12B)
[0512/125721:ERROR:process_reader_win.cc(232)] ReadMemory at 0x77270000 of 64 bytes failed: 仅完成部分的 ReadProcessMemory 或 WriteProcessMemory 请求。 (0x12B)
[0512/125721:ERROR:process_reader_win.cc(232)] ReadMemory at 0x73f70000 of 64 bytes failed: 仅完成部分的 ReadProcessMemory 或 WriteProcessMemory 请求。 (0x12B)
[0512/125721:WARNING:pe_image_reader.cc(280)] could not read dos header from C:\WINDOWS\SYSTEM32\ADVAPI32.dll
[0512/125721:WARNING:pe_image_reader.cc(280)] could not read dos header from C:\WINDOWS\SYSTEM32\RPCRT4.dll
[0512/125721:ERROR:process_reader_win.cc(232)] ReadMemory at 0x5f150000 of 64 bytes failed: 仅完成部分的 ReadProcessMemory 或 WriteProcessMemory 请求。 (0x12B)
[0512/125721:ERROR:process_reader_win.cc(232)] ReadMemory at 0x74790000 of 64 bytes failed: 仅完成部分的 ReadProcessMemory 或 WriteProcessMemory 请求。 (0x12B)
[0512/125721:WARNING:pe_image_reader.cc(280)] could not read dos header from C:\Program Files (x86)\Google\Chrome\Application\49.0.2623.112\chrome_elf.dll
[0512/125721:WARNING:pe_image_reader.cc(280)] could not read dos header from C:\WINDOWS\SYSTEM32\sechost.dll
[0512/125721:ERROR:process_reader_win.cc(232)] ReadMemory at 0x721c0000 of 64 bytes failed: 仅完成部分的 ReadProcessMemory 或 WriteProcessMemory 请求。 (0x12B)
[0512/125721:WARNING:pe_image_reader.cc(280)] could not read dos header from C:\WINDOWS\SYSTEM32\WINHTTP.dll
[0512/125721:ERROR:process_reader_win.cc(232)] ReadMemory at 0x77270000 of 64 bytes failed: 仅完成部分的 ReadProcessMemory 或 WriteProcessMemory 请求。 (0x12B)
[0512/125721:WARNING:pe_image_reader.cc(280)] could not read dos header from C:\WINDOWS\SYSTEM32\ADVAPI32.dll
[0512/125721:ERROR:process_reader_win.cc(232)] ReadMemory at 0x73f40000 of 64 bytes failed: 仅完成部分的 ReadProcessMemory 或 WriteProcessMemory 请求。 (0x12B)
[0512/125721:WARNING:pe_image_reader.cc(280)] could not read dos header from C:\WINDOWS\SYSTEM32\VERSION.dll
[0512/125721:ERROR:process_reader_win.cc(232)] ReadMemory at 0x5f150000 of 64 bytes failed: 仅完成部分的 ReadProcessMemory 或 WriteProcessMemory 请求。 (0x12B)
[0512/125721:WARNING:pe_image_reader.cc(280)] could not read dos header from C:\Program Files (x86)\Google\Chrome\Application\49.0.2623.112\chrome_elf.dll
[0512/125721:ERROR:process_reader_win.cc(232)] ReadMemory at 0x76ed0000 of 64 bytes failed: 仅完成部分的 ReadProcessMemory 或 WriteProcessMemory 请求。 (0x12B)
[0512/125721:WARNING:pe_image_reader.cc(280)] could not read dos header from C:\WINDOWS\SYSTEM32\cfgmgr32.dll
[0512/125721:ERROR:process_reader_win.cc(232)] ReadMemory at 0x73b20000 of 64 bytes failed: 仅完成部分的 ReadProcessMemory 或 WriteProcessMemory 请求。 (0x12B)
[0512/125721:WARNING:pe_image_reader.cc(280)] could not read dos header from C:\WINDOWS\SYSTEM32\WINMMBASE.dll
[0512/125721:ERROR:process_reader_win.cc(232)] ReadMemory at 0x721c0000 of 64 bytes failed: 仅完成部分的 ReadProcessMemory 或 WriteProcessMemory 请求。 (0x12B)
[0512/125721:ERROR:process_reader_win.cc(232)] ReadMemory at 0x76b60000 of 64 bytes failed: 仅完成部分的 ReadProcessMemory 或 WriteProcessMemory 请求。 (0x12B)
[0512/125721:WARNING:pe_image_reader.cc(280)] could not read dos header from C:\WINDOWS\SYSTEM32\GDI32.dll
[0512/125721:WARNING:pe_image_reader.cc(280)] could not read dos header from C:\WINDOWS\SYSTEM32\WINHTTP.dll
[0512/125721:ERROR:process_reader_win.cc(232)] ReadMemory at 0x770f0000 of 64 bytes failed: 仅完成部分的 ReadProcessMemory 或 WriteProcessMemory 请求。 (0x12B)
[0512/125721:WARNING:pe_image_reader.cc(280)] could not read dos header from C:\WINDOWS\SYSTEM32\USER32.dll
[0512/125721:ERROR:process_reader_win.cc(232)] ReadMemory at 0x77240000 of 64 bytes failed: 仅完成部分的 ReadProcessMemory 或 WriteProcessMemory 请求。 (0x12B)
[0512/125721:WARNING:pe_image_reader.cc(280)] could not read dos header from C:\WINDOWS\SYSTEM32\IMM32.DLL
[0512/125721:ERROR:process_reader_win.cc(232)] ReadMemory at 0x73b50000 of 64 bytes failed: 仅完成部分的 ReadProcessMemory 或 WriteProcessMemory 请求。 (0x12B)
[0512/125721:WARNING:pe_image_reader.cc(280)] could not read dos header from C:\WINDOWS\SYSTEM32\WINMM.dll
[0512/125721:ERROR:process_reader_win.cc(232)] ReadMemory at 0x73f40000 of 64 bytes failed: 仅完成部分的 ReadProcessMemory 或 WriteProcessMemory 请求。 (0x12B)
[0512/125721:WARNING:pe_image_reader.cc(280)] could not read dos header from C:\WINDOWS\SYSTEM32\VERSION.dll
[0512/125721:ERROR:process_reader_win.cc(232)] ReadMemory at 0x76ed0000 of 64 bytes failed: 仅完成部分的 ReadProcessMemory 或 WriteProcessMemory 请求。 (0x12B)
[0512/125721:WARNING:pe_image_reader.cc(280)] could not read dos header from C:\WINDOWS\SYSTEM32\cfgmgr32.dll
[0512/125721:ERROR:process_reader_win.cc(232)] ReadMemory at 0x73b20000 of 64 bytes failed: 仅完成部分的 ReadProcessMemory 或 WriteProcessMemory 请求。 (0x12B)
[0512/125721:ERROR:process_reader_win.cc(232)] ReadMemory at 0x74b30000 of 64 bytes failed: 仅完成部分的 ReadProcessMemory 或 WriteProcessMemory 请求。 (0x12B)
[0512/125721:WARNING:pe_image_reader.cc(280)] could not read dos header from C:\WINDOWS\SYSTEM32\WINMMBASE.dll
[0512/125721:WARNING:pe_image_reader.cc(280)] could not read dos header from C:\WINDOWS\SYSTEM32\profapi.dll
[0512/125721:ERROR:process_reader_win.cc(232)] ReadMemory at 0x76b60000 of 64 bytes failed: 仅完成部分的 ReadProcessMemory 或 WriteProcessMemory 请求。 (0x12B)
[0512/125721:WARNING:pe_image_reader.cc(280)] could not read dos header from C:\WINDOWS\system32\apphelp.dll
[0512/125721:WARNING:pe_image_reader.cc(280)] could not read dos header from C:\WINDOWS\SYSTEM32\GDI32.dll
[0512/125721:ERROR:process_reader_win.cc(232)] ReadMemory at 0x73f50000 of 64 bytes failed: 仅完成部分的 ReadProcessMemory 或 WriteProcessMemory 请求。 (0x12B)
[0512/125721:WARNING:pe_image_reader.cc(280)] could not read dos header from C:\WINDOWS\SYSTEM32\USERENV.dll
[0512/125721:ERROR:process_reader_win.cc(232)] ReadMemory at 0x770f0000 of 64 bytes failed: 仅完成部分的 ReadProcessMemory 或 WriteProcessMemory 请求。 (0x12B)
[0512/125721:WARNING:pe_image_reader.cc(280)] could not read dos header from C:\WINDOWS\SYSTEM32\USER32.dll
[0512/125721:ERROR:process_reader_win.cc(232)] ReadMemory at 0x73f30000 of 64 bytes failed: 仅完成部分的 ReadProcessMemory 或 WriteProcessMemory 请求。 (0x12B)
[0512/125721:WARNING:pe_image_reader.cc(280)] could not read dos header from C:\WINDOWS\SYSTEM32\WTSAPI32.dll
[0512/125721:ERROR:process_reader_win.cc(232)] ReadMemory at 0x77240000 of 64 bytes failed: 仅完成部分的 ReadProcessMemory 或 WriteProcessMemory 请求。 (0x12B)
[0512/125721:WARNING:pe_image_reader.cc(280)] could not read dos header from C:\WINDOWS\SYSTEM32\IMM32.DLL
[0512/125721:ERROR:process_reader_win.cc(232)] ReadMemory at 0x76d10000 of 64 bytes failed: 仅完成部分的 ReadProcessMemory 或 WriteProcessMemory 请求。 (0x12B)
[0512/125721:WARNING:pe_image_reader.cc(280)] could not read dos header from C:\WINDOWS\SYSTEM32\combase.dll
[0512/125721:ERROR:process_reader_win.cc(232)] ReadMemory at 0x73b50000 of 64 bytes failed: 仅完成部分的 ReadProcessMemory 或 WriteProcessMemory 请求。 (0x12B)
[0512/125721:WARNING:pe_image_reader.cc(280)] could not read dos header from C:\WINDOWS\SYSTEM32\WINMM.dll
[0512/125721:ERROR:process_reader_win.cc(232)] ReadMemory at 0x74cc0000 of 64 bytes failed: 仅完成部分的 ReadProcessMemory 或 WriteProcessMemory 请求。 (0x12B)
[0512/125721:WARNING:pe_image_reader.cc(280)] could not read dos header from C:\WINDOWS\SYSTEM32\shlwapi.dll
[0512/125721:ERROR:process_reader_win.cc(232)] ReadMemory at 0x74b30000 of 64 bytes failed: 仅完成部分的 ReadProcessMemory 或 WriteProcessMemory 请求。 (0x12B)
[0512/125721:WARNING:pe_image_reader.cc(280)] could not read dos header from C:\WINDOWS\SYSTEM32\profapi.dll
[0512/125721:ERROR:process_reader_win.cc(232)] ReadMemory at 0x74db0000 of 64 bytes failed: 仅完成部分的 ReadProcessMemory 或 WriteProcessMemory 请求。 (0x12B)
[0512/125721:ERROR:process_reader_win.cc(232)] ReadMemory at 0x73f50000 of 64 bytes failed: 仅完成部分的 ReadProcessMemory 或 WriteProcessMemory 请求。 (0x12B)
[0512/125721:WARNING:pe_image_reader.cc(280)] could not read dos header from C:\WINDOWS\SYSTEM32\kernel.appcore.dll
[0512/125721:WARNING:pe_image_reader.cc(280)] could not read dos header from C:\WINDOWS\SYSTEM32\USERENV.dll
[0512/125721:ERROR:process_reader_win.cc(232)] ReadMemory at 0x74aa0000 of 64 bytes failed: 仅完成部分的 ReadProcessMemory 或 WriteProcessMemory 请求。 (0x12B)
[0512/125721:ERROR:process_reader_win.cc(232)] ReadMemory at 0x73f30000 of 64 bytes failed: 仅完成部分的 ReadProcessMemory 或 WriteProcessMemory 请求。 (0x12B)
[0512/125721:WARNING:pe_image_reader.cc(280)] could not read dos header from C:\WINDOWS\SYSTEM32\shcore.dll
[0512/125721:WARNING:pe_image_reader.cc(280)] could not read dos header from C:\WINDOWS\SYSTEM32\WTSAPI32.dll
[0512/125721:ERROR:process_reader_win.cc(232)] ReadMemory at 0x74040000 of 64 bytes failed: 仅完成部分的 ReadProcessMemory 或 WriteProcessMemory 请求。 (0x12B)
[0512/125721:ERROR:process_reader_win.cc(232)] ReadMemory at 0x76d10000 of 64 bytes failed: 仅完成部分的 ReadProcessMemory 或 WriteProcessMemory 请求。 (0x12B)
[0512/125721:WARNING:pe_image_reader.cc(280)] could not read dos header from C:\WINDOWS\SYSTEM32\powrprof.dll
[0512/125721:WARNING:pe_image_reader.cc(280)] could not read dos header from C:\WINDOWS\SYSTEM32\combase.dll
[0512/125721:ERROR:process_reader_win.cc(232)] ReadMemory at 0x76660000 of 64 bytes failed: 仅完成部分的 ReadProcessMemory 或 WriteProcessMemory 请求。 (0x12B)
[0512/125721:ERROR:process_reader_win.cc(232)] ReadMemory at 0x74cc0000 of 64 bytes failed: 仅完成部分的 ReadProcessMemory 或 WriteProcessMemory 请求。 (0x12B)
[0512/125721:WARNING:pe_image_reader.cc(280)] could not read dos header from C:\WINDOWS\SYSTEM32\windows.storage.dll
[0512/125721:WARNING:pe_image_reader.cc(280)] could not read dos header from C:\WINDOWS\SYSTEM32\shlwapi.dll
[0512/125721:ERROR:process_reader_win.cc(232)] ReadMemory at 0x74ed0000 of 64 bytes failed: 仅完成部分的 ReadProcessMemory 或 WriteProcessMemory 请求。 (0x12B)
[0512/125721:ERROR:process_reader_win.cc(232)] ReadMemory at 0x74db0000 of 64 bytes failed: 仅完成部分的 ReadProcessMemory 或 WriteProcessMemory 请求。 (0x12B)
[0512/125721:WARNING:pe_image_reader.cc(280)] could not read dos header from C:\WINDOWS\SYSTEM32\SHELL32.dll
[0512/125721:WARNING:pe_image_reader.cc(280)] could not read dos header from C:\WINDOWS\SYSTEM32\kernel.appcore.dll
[0512/125721:ERROR:process_reader_win.cc(232)] ReadMemory at 0x74aa0000 of 64 bytes failed: 仅完成部分的 ReadProcessMemory 或 WriteProcessMemory 请求。 (0x12B)
[0512/125721:ERROR:process_reader_win.cc(232)] ReadMemory at 0x74090000 of 64 bytes failed: 仅完成部分的 ReadProcessMemory 或 WriteProcessMemory 请求。 (0x12B)
[0512/125721:WARNING:pe_image_reader.cc(280)] could not read dos header from C:\WINDOWS\SYSTEM32\shcore.dll
[0512/125721:WARNING:pe_image_reader.cc(280)] could not read dos header from C:\WINDOWS\SYSTEM32\ole32.dll
[0512/125721:ERROR:process_reader_win.cc(232)] ReadMemory at 0x74040000 of 64 bytes failed: 仅完成部分的 ReadProcessMemory 或 WriteProcessMemory 请求。 (0x12B)
[0512/125721:ERROR:process_reader_win.cc(232)] ReadMemory at 0x76ff0000 of 64 bytes failed: 仅完成部分的 ReadProcessMemory 或 WriteProcessMemory 请求。 (0x12B)
[0512/125721:WARNING:pe_image_reader.cc(280)] could not read dos header from C:\WINDOWS\SYSTEM32\powrprof.dll
[0512/125721:ERROR:process_reader_win.cc(232)] ReadMemory at 0x76f30000 of 64 bytes failed: 仅完成部分的 ReadProcessMemory 或 WriteProcessMemory 请求。 (0x12B)
[0512/125721:WARNING:pe_image_reader.cc(280)] could not read dos header from C:\WINDOWS\SYSTEM32\OLEAUT32.dll
[0512/125721:ERROR:process_reader_win.cc(232)] ReadMemory at 0x76660000 of 64 bytes failed: 仅完成部分的 ReadProcessMemory 或 WriteProcessMemory 请求。 (0x12B)
[0512/125721:ERROR:process_reader_win.cc(232)] ReadMemory at 0x74d30000 of 64 bytes failed: 仅完成部分的 ReadProcessMemory 或 WriteProcessMemory 请求。 (0x12B)
[0512/125721:WARNING:pe_image_reader.cc(280)] could not read dos header from C:\WINDOWS\SYSTEM32\windows.storage.dll
[0512/125721:WARNING:pe_image_reader.cc(280)] could not read dos header from C:\WINDOWS\SYSTEM32\PSAPI.DLL
[0512/125721:ERROR:process_reader_win.cc(232)] ReadMemory at 0x74ed0000 of 64 bytes failed: 仅完成部分的 ReadProcessMemory 或 WriteProcessMemory 请求。 (0x12B)
[0512/125721:WARNING:pe_image_reader.cc(280)] could not read dos header from C:\WINDOWS\SYSTEM32\SHELL32.dll
[0512/125721:ERROR:process_reader_win.cc(232)] ReadMemory at 0x762d0000 of 64 bytes failed: 仅完成部分的 ReadProcessMemory 或 WriteProcessMemory 请求。 (0x12B)
[0512/125721:WARNING:pe_image_reader.cc(280)] could not read dos header from C:\WINDOWS\SYSTEM32\WS2_32.dll
[0512/125721:ERROR:process_reader_win.cc(232)] ReadMemory at 0x74090000 of 64 bytes failed: 仅完成部分的 ReadProcessMemory 或 WriteProcessMemory 请求。 (0x12B)
[0512/125721:WARNING:pe_image_reader.cc(280)] could not read dos header from C:\WINDOWS\SYSTEM32\ole32.dll
[0512/125721:ERROR:process_reader_win.cc(232)] ReadMemory at 0x74d40000 of 64 bytes failed: 仅完成部分的 ReadProcessMemory 或 WriteProcessMemory 请求。 (0x12B)
[0512/125721:WARNING:pe_image_reader.cc(280)] could not read dos header from C:\WINDOWS\SYSTEM32\NETAPI32.dll
[0512/125721:ERROR:process_reader_win.cc(232)] ReadMemory at 0x76ff0000 of 64 bytes failed: 仅完成部分的 ReadProcessMemory 或 WriteProcessMemory 请求。 (0x12B)
[0512/125721:WARNING:pe_image_reader.cc(280)] could not read dos header from C:\WINDOWS\SYSTEM32\OLEAUT32.dll
[0512/125721:ERROR:process_reader_win.cc(232)] ReadMemory at 0x73a10000 of 64 bytes failed: 仅完成部分的 ReadProcessMemory 或 WriteProcessMemory 请求。 (0x12B)
[0512/125721:WARNING:pe_image_reader.cc(280)] could not read dos header from C:\WINDOWS\SYSTEM32\NETUTILS.DLL
[0512/125721:ERROR:process_reader_win.cc(232)] ReadMemory at 0x74d30000 of 64 bytes failed: 仅完成部分的 ReadProcessMemory 或 WriteProcessMemory 请求。 (0x12B)
[0512/125721:WARNING:pe_image_reader.cc(280)] could not read dos header from C:\WINDOWS\SYSTEM32\PSAPI.DLL
[0512/125721:ERROR:process_reader_win.cc(232)] ReadMemory at 0x72640000 of 64 bytes failed: 仅完成部分的 ReadProcessMemory 或 WriteProcessMemory 请求。 (0x12B)
[0512/125721:WARNING:pe_image_reader.cc(280)] could not read dos header from C:\WINDOWS\SYSTEM32\bcrypt.dll
[0512/125721:ERROR:process_reader_win.cc(232)] ReadMemory at 0x762d0000 of 64 bytes failed: 仅完成部分的 ReadProcessMemory 或 WriteProcessMemory 请求。 (0x12B)
[0512/125721:WARNING:pe_image_reader.cc(280)] could not read dos header from C:\WINDOWS\SYSTEM32\WS2_32.dll
[0512/125721:ERROR:process_reader_win.cc(232)] ReadMemory at 0x73490000 of 64 bytes failed: 仅完成部分的 ReadProcessMemory 或 WriteProcessMemory 请求。 (0x12B)
[0512/125721:WARNING:pe_image_reader.cc(280)] could not read dos header from C:\WINDOWS\SYSTEM32\WKSCLI.DLL
[0512/125721:ERROR:process_reader_win.cc(232)] ReadMemory at 0x74d40000 of 64 bytes failed: 仅完成部分的 ReadProcessMemory 或 WriteProcessMemory 请求。 (0x12B)
[0512/125721:WARNING:pe_image_reader.cc(280)] could not read dos header from C:\WINDOWS\SYSTEM32\NETAPI32.dll
[0512/125721:ERROR:process_reader_win.cc(232)] ReadMemory at 0x72430000 of 64 bytes failed: 仅完成部分的 ReadProcessMemory 或 WriteProcessMemory 请求。 (0x12B)
[0512/125721:WARNING:pe_image_reader.cc(280)] could not read dos header from C:\Program Files (x86)\360\360safe\safemon\safemon.dll
[0512/125721:ERROR:process_reader_win.cc(232)] ReadMemory at 0x73a10000 of 64 bytes failed: 仅完成部分的 ReadProcessMemory 或 WriteProcessMemory 请求。 (0x12B)
[0512/125721:WARNING:pe_image_reader.cc(280)] could not read dos header from C:\WINDOWS\SYSTEM32\NETUTILS.DLL
[0512/125721:WARNING:pe_image_reader.cc(280)] could not read dos header from C:\WINDOWS\SYSTEM32\msvcrt.dll
[0512/125721:ERROR:process_reader_win.cc(232)] ReadMemory at 0x5f110000 of 64 bytes failed: 仅完成部分的 ReadProcessMemory 或 WriteProcessMemory 请求。 (0x12B)
[0512/125721:WARNING:pe_image_reader.cc(280)] could not read dos header from C:\Program Files (x86)\360\360safe\safemon\iNetSafe.dll
[0512/125721:ERROR:process_reader_win.cc(232)] ReadMemory at 0x72640000 of 64 bytes failed: 仅完成部分的 ReadProcessMemory 或 WriteProcessMemory 请求。 (0x12B)
[0512/125721:ERROR:process_reader_win.cc(232)] ReadMemory at 0x6fdb0000 of 64 bytes failed: 仅完成部分的 ReadProcessMemory 或 WriteProcessMemory 请求。 (0x12B)
[0512/125721:WARNING:pe_image_reader.cc(280)] could not read dos header from C:\WINDOWS\SYSTEM32\bcrypt.dll
[0512/125721:WARNING:pe_image_reader.cc(280)] could not read dos header from C:\WINDOWS\SYSTEM32\WINSPOOL.DRV
[0512/125721:ERROR:process_reader_win.cc(232)] ReadMemory at 0x72680000 of 64 bytes failed: 仅完成部分的 ReadProcessMemory 或 WriteProcessMemory 请求。 (0x12B)
[0512/125721:ERROR:process_reader_win.cc(232)] ReadMemory at 0x73490000 of 64 bytes failed: 仅完成部分的 ReadProcessMemory 或 WriteProcessMemory 请求。 (0x12B)
[0512/125721:WARNING:pe_image_reader.cc(280)] could not read dos header from C:\WINDOWS\WinSxS\x86_microsoft.windows.common-controls_6595b64144ccf1df_6.0.10586.0_none_d3c2e4e965da4528\COMCTL32.dll
[0512/125721:WARNING:pe_image_reader.cc(280)] could not read dos header from C:\WINDOWS\SYSTEM32\WKSCLI.DLL
[0512/125721:ERROR:process_reader_win.cc(232)] ReadMemory at 0x77090000 of 64 bytes failed: 仅完成部分的 ReadProcessMemory 或 WriteProcessMemory 请求。 (0x12B)
[0512/125721:ERROR:process_reader_win.cc(232)] ReadMemory at 0x72430000 of 64 bytes failed: 仅完成部分的 ReadProcessMemory 或 WriteProcessMemory 请求。 (0x12B)
[0512/125721:WARNING:pe_image_reader.cc(280)] could not read dos header from C:\Program Files (x86)\360\360safe\safemon\safemon.dll
[0512/125721:ERROR:process_reader_win.cc(232)] ReadMemory at 0x5f110000 of 64 bytes failed: 仅完成部分的 ReadProcessMemory 或 WriteProcessMemory 请求。 (0x12B)
[0512/125721:WARNING:pe_image_reader.cc(280)] could not read dos header from C:\Program Files (x86)\360\360safe\safemon\iNetSafe.dll
[0512/125721:ERROR:process_reader_win.cc(232)] ReadMemory at 0x6fdb0000 of 64 bytes failed: 仅完成部分的 ReadProcessMemory 或 WriteProcessMemory 请求。 (0x12B)
[0512/125721:WARNING:pe_image_reader.cc(280)] could not read dos header from C:\WINDOWS\SYSTEM32\WINSPOOL.DRV
[0512/125721:WARNING:pe_image_reader.cc(280)] could not read dos header from C:\WINDOWS\SYSTEM32\FirewallAPI.dll
[0512/125721:ERROR:process_reader_win.cc(232)] ReadMemory at 0x71920000 of 64 bytes failed: 仅完成部分的 ReadProcessMemory 或 WriteProcessMemory 请求。 (0x12B)
[0512/125721:WARNING:pe_image_reader.cc(280)] could not read dos header from C:\WINDOWS\SYSTEM32\fwbase.dll
[0512/125721:ERROR:process_reader_win.cc(232)] ReadMemory at 0x71a00000 of 64 bytes failed: 仅完成部分的 ReadProcessMemory 或 WriteProcessMemory 请求。 (0x12B)
[0512/125721:WARNING:pe_image_reader.cc(280)] could not read dos header from C:\WINDOWS\SYSTEM32\DAVHLPR.DLL
[0512/125721:ERROR:process_reader_win.cc(232)] ReadMemory at 0x74690000 of 64 bytes failed: 仅完成部分的 ReadProcessMemory 或 WriteProcessMemory 请求。 (0x12B)
[0512/125721:WARNING:pe_image_reader.cc(280)] could not read dos header from C:\WINDOWS\SYSTEM32\COMDLG32.dll
[0512/125721:ERROR:process_reader_win.cc(232)] ReadMemory at 0x73d70000 of 64 bytes failed: 仅完成部分的 ReadProcessMemory 或 WriteProcessMemory 请求。 (0x12B)
[0512/125721:WARNING:pe_image_reader.cc(280)] could not read dos header from C:\WINDOWS\SYSTEM32\IPHLPAPI.DLL
[0512/125721:ERROR:process_reader_win.cc(232)] ReadMemory at 0x10b0000 of 64 bytes failed: 仅完成部分的 ReadProcessMemory 或 WriteProcessMemory 请求。 (0x12B)
[0512/125721:WARNING:pe_image_reader.cc(280)] could not read dos header from C:\Program Files (x86)\Google\Chrome\Application\chrome.exe
[0512/125721:ERROR:process_reader_win.cc(232)] ReadMemory at 0x6fe20000 of 64 bytes failed: 仅完成部分的 ReadProcessMemory 或 WriteProcessMemory 请求。 (0x12B)
[0512/125721:WARNING:pe_image_reader.cc(280)] could not read dos header from C:\WINDOWS\SYSTEM32\USP10.dll
[0512/125721:ERROR:process_reader_win.cc(232)] ReadMemory at 0x772f0000 of 64 bytes failed: 仅完成部分的 ReadProcessMemory 或 WriteProcessMemory 请求。 (0x12B)
[0512/125721:WARNING:pe_image_reader.cc(280)] could not read dos header from C:\WINDOWS\SYSTEM32\ntdll.dll
[0512/125721:ERROR:process_reader_win.cc(232)] ReadMemory at 0x74a30000 of 64 bytes failed: 仅完成部分的 ReadProcessMemory 或 WriteProcessMemory 请求。 (0x12B)
[0512/125721:WARNING:pe_image_reader.cc(280)] could not read dos header from C:\WINDOWS\SYSTEM32\MSASN1.dll
[0512/125721:ERROR:process_reader_win.cc(232)] ReadMemory at 0x74b40000 of 64 bytes failed: 仅完成部分的 ReadProcessMemory 或 WriteProcessMemory 请求。 (0x12B)
[0512/125721:WARNING:pe_image_reader.cc(280)] could not read dos header from C:\WINDOWS\SYSTEM32\CRYPT32.dll
[0512/125721:ERROR:process_reader_win.cc(232)] ReadMemory at 0x764e0000 of 64 bytes failed: 仅完成部分的 ReadProcessMemory 或 WriteProcessMemory 请求。 (0x12B)
[0512/125721:ERROR:process_reader_win.cc(232)] ReadMemory at 0x74d60000 of 64 bytes failed: 仅完成部分的 ReadProcessMemory 或 WriteProcessMemory 请求。 (0x12B)
[0512/125721:WARNING:pe_image_reader.cc(280)] could not read dos header from C:\WINDOWS\SYSTEM32\WINTRUST.dll
[0512/125721:WARNING:pe_image_reader.cc(280)] could not read dos header from C:\WINDOWS\SYSTEM32\KERNELBASE.dll
[0512/125721:ERROR:process_reader_win.cc(232)] ReadMemory at 0x73ad0000 of 64 bytes failed: 仅完成部分的 ReadProcessMemory 或 WriteProcessMemory 请求。 (0x12B)
[0512/125721:ERROR:process_reader_win.cc(232)] ReadMemory at 0x747e0000 of 64 bytes failed: 仅完成部分的 ReadProcessMemory 或 WriteProcessMemory 请求。 (0x12B)
[0512/125721:WARNING:pe_image_reader.cc(280)] could not read dos header from C:\WINDOWS\SYSTEM32\Secur32.dll
[0512/125721:ERROR:process_reader_win.cc(232)] ReadMemory at 0x72680000 of 64 bytes failed: 仅完成部分的 ReadProcessMemory 或 WriteProcessMemory 请求。 (0x12B)
[0512/125721:WARNING:pe_image_reader.cc(280)] could not read dos header from C:\WINDOWS\SYSTEM32\KERNEL32.DLL
[0512/125721:WARNING:pe_image_reader.cc(280)] could not read dos header from C:\WINDOWS\WinSxS\x86_microsoft.windows.common-controls_6595b64144ccf1df_6.0.10586.0_none_d3c2e4e965da4528\COMCTL32.dll
[0512/125721:ERROR:process_reader_win.cc(232)] ReadMemory at 0x73f70000 of 64 bytes failed: 仅完成部分的 ReadProcessMemory 或 WriteProcessMemory 请求。 (0x12B)
[0512/125721:ERROR:process_reader_win.cc(232)] ReadMemory at 0x77090000 of 64 bytes failed: 仅完成部分的 ReadProcessMemory 或 WriteProcessMemory 请求。 (0x12B)
[0512/125721:WARNING:pe_image_reader.cc(280)] could not read dos header from C:\WINDOWS\SYSTEM32\FirewallAPI.dll
[0512/125721:ERROR:process_reader_win.cc(232)] ReadMemory at 0x557f0000 of 64 bytes failed: 仅完成部分的 ReadProcessMemory 或 WriteProcessMemory 请求。 (0x12B)
[0512/125721:WARNING:pe_image_reader.cc(280)] could not read dos header from C:\WINDOWS\system32\apphelp.dll
[0512/125721:ERROR:process_reader_win.cc(232)] ReadMemory at 0x71920000 of 64 bytes failed: 仅完成部分的 ReadProcessMemory 或 WriteProcessMemory 请求。 (0x12B)
[0512/125721:WARNING:pe_image_reader.cc(280)] could not read dos header from C:\WINDOWS\SYSTEM32\fwbase.dll
[0512/125721:ERROR:process_reader_win.cc(232)] ReadMemory at 0x76f30000 of 64 bytes failed: 仅完成部分的 ReadProcessMemory 或 WriteProcessMemory 请求。 (0x12B)
[0512/125721:ERROR:process_reader_win.cc(232)] ReadMemory at 0x71a00000 of 64 bytes failed: 仅完成部分的 ReadProcessMemory 或 WriteProcessMemory 请求。 (0x12B)
[0512/125721:WARNING:pe_image_reader.cc(280)] could not read dos header from C:\WINDOWS\SYSTEM32\msvcrt.dll
[0512/125721:WARNING:pe_image_reader.cc(280)] could not read dos header from C:\WINDOWS\SYSTEM32\DAVHLPR.DLL
[0512/125721:ERROR:process_reader_win.cc(232)] ReadMemory at 0x74630000 of 64 bytes failed: 仅完成部分的 ReadProcessMemory 或 WriteProcessMemory 请求。 (0x12B)
[0512/125721:ERROR:process_reader_win.cc(232)] ReadMemory at 0x74690000 of 64 bytes failed: 仅完成部分的 ReadProcessMemory 或 WriteProcessMemory 请求。 (0x12B)
[0512/125721:WARNING:pe_image_reader.cc(280)] could not read dos header from C:\WINDOWS\SYSTEM32\bcryptPrimitives.dll
[0512/125721:WARNING:pe_image_reader.cc(280)] could not read dos header from C:\WINDOWS\SYSTEM32\COMDLG32.dll
[0512/125721:ERROR:process_reader_win.cc(232)] ReadMemory at 0x74010000 of 64 bytes failed: 仅完成部分的 ReadProcessMemory 或 WriteProcessMemory 请求。 (0x12B)
[0512/125721:WARNING:pe_image_reader.cc(280)] could not read dos header from C:\WINDOWS\SYSTEM32\CRYPTBASE.dll
[0512/125721:ERROR:process_reader_win.cc(232)] ReadMemory at 0x74020000 of 64 bytes failed: 仅完成部分的 ReadProcessMemory 或 WriteProcessMemory 请求。 (0x12B)
[0512/125721:WARNING:pe_image_reader.cc(280)] could not read dos header from C:\WINDOWS\SYSTEM32\SspiCli.dll
[0512/125721:ERROR:process_reader_win.cc(232)] ReadMemory at 0x74e20000 of 64 bytes failed: 仅完成部分的 ReadProcessMemory 或 WriteProcessMemory 请求。 (0x12B)
[0512/125721:WARNING:pe_image_reader.cc(280)] could not read dos header from C:\WINDOWS\SYSTEM32\RPCRT4.dll
[0512/125721:ERROR:process_reader_win.cc(232)] ReadMemory at 0x74790000 of 64 bytes failed: 仅完成部分的 ReadProcessMemory 或 WriteProcessMemory 请求。 (0x12B)
[0512/125721:WARNING:pe_image_reader.cc(280)] could not read dos header from C:\WINDOWS\SYSTEM32\sechost.dll
[0512/125721:ERROR:process_reader_win.cc(232)] ReadMemory at 0x77270000 of 64 bytes failed: 仅完成部分的 ReadProcessMemory 或 WriteProcessMemory 请求。 (0x12B)
[0512/125721:WARNING:pe_image_reader.cc(280)] could not read dos header from C:\WINDOWS\SYSTEM32\ADVAPI32.dll
[0512/125721:WARNING:pe_image_reader.cc(280)] could not read dos header from C:\Program Files (x86)\Google\Chrome\Application\49.0.2623.112\chrome_child.dll
[0512/125721:ERROR:process_reader_win.cc(232)] ReadMemory at 0x5f150000 of 64 bytes failed: 仅完成部分的 ReadProcessMemory 或 WriteProcessMemory 请求。 (0x12B)
[0512/125721:WARNING:pe_image_reader.cc(280)] could not read dos header from C:\Program Files (x86)\Google\Chrome\Application\49.0.2623.112\chrome_elf.dll
[0512/125721:ERROR:process_reader_win.cc(232)] ReadMemory at 0x6a200000 of 64 bytes failed: 仅完成部分的 ReadProcessMemory 或 WriteProcessMemory 请求。 (0x12B)
[0512/125721:WARNING:pe_image_reader.cc(280)] could not read dos header from C:\Program Files (x86)\360\360safe\360verify.dll
[0512/125721:ERROR:process_reader_win.cc(232)] ReadMemory at 0x721c0000 of 64 bytes failed: 仅完成部分的 ReadProcessMemory 或 WriteProcessMemory 请求。 (0x12B)
[0512/125721:WARNING:pe_image_reader.cc(280)] could not read dos header from C:\WINDOWS\SYSTEM32\WINHTTP.dll
[0512/125721:ERROR:process_reader_win.cc(232)] ReadMemory at 0x6f730000 of 64 bytes failed: 仅完成部分的 ReadProcessMemory 或 WriteProcessMemory 请求。 (0x12B)
[0512/125721:WARNING:pe_image_reader.cc(280)] could not read dos header from C:\WINDOWS\SYSTEM32\dwrite.dll
[0512/125721:ERROR:process_reader_win.cc(232)] ReadMemory at 0x73f40000 of 64 bytes failed: 仅完成部分的 ReadProcessMemory 或 WriteProcessMemory 请求。 (0x12B)
[0512/125721:WARNING:pe_image_reader.cc(280)] could not read dos header from C:\WINDOWS\SYSTEM32\VERSION.dll
[0512/125721:ERROR:process_reader_win.cc(232)] ReadMemory at 0x76ed0000 of 64 bytes failed: 仅完成部分的 ReadProcessMemory 或 WriteProcessMemory 请求。 (0x12B)
[0512/125721:WARNING:pe_image_reader.cc(280)] could not read dos header from C:\WINDOWS\SYSTEM32\cfgmgr32.dll
[0512/125721:ERROR:process_reader_win.cc(232)] ReadMemory at 0x115c154 of 12 bytes failed: 仅完成部分的 ReadProcessMemory 或 WriteProcessMemory 请求。 (0x12B)
[0512/125721:ERROR:process_reader_win.cc(232)] ReadMemory at 0x73b20000 of 64 bytes failed: 仅完成部分的 ReadProcessMemory 或 WriteProcessMemory 请求。 (0x12B)
[0512/125721:WARNING:pe_image_reader.cc(280)] could not read dos header from C:\WINDOWS\SYSTEM32\WINMMBASE.dll
[0512/125721:ERROR:process_reader_win.cc(232)] ReadMemory at 0x76b60000 of 64 bytes failed: 仅完成部分的 ReadProcessMemory 或 WriteProcessMemory 请求。 (0x12B)
[0512/125721:WARNING:pe_image_reader.cc(280)] could not read dos header from C:\WINDOWS\SYSTEM32\GDI32.dll
[0512/125721:ERROR:process_reader_win.cc(232)] ReadMemory at 0x770f0000 of 64 bytes failed: 仅完成部分的 ReadProcessMemory 或 WriteProcessMemory 请求。 (0x12B)
[0512/125721:WARNING:pe_image_reader.cc(280)] could not read dos header from C:\WINDOWS\SYSTEM32\USER32.dll
[0512/125721:ERROR:process_reader_win.cc(232)] ReadMemory at 0x77240000 of 64 bytes failed: 仅完成部分的 ReadProcessMemory 或 WriteProcessMemory 请求。 (0x12B)
[0512/125721:WARNING:process_snapshot_win.cc(89)] ReadMemory ExceptionInformation failed
[0512/125721:WARNING:crash_report_exception_handler.cc(60)] ProcessSnapshotWin::InitializeException failed
[0512/125721:WARNING:pe_image_reader.cc(280)] could not read dos header from C:\WINDOWS\SYSTEM32\IMM32.DLL
[0512/125721:ERROR:scoped_process_suspend.cc(38)] NtResumeProcess, ntstatus=-1073741558
[0512/125721:ERROR:process_reader_win.cc(232)] ReadMemory at 0x73b50000 of 64 bytes failed: 仅完成部分的 ReadProcessMemory 或 WriteProcessMemory 请求。 (0x12B)
[0512/125721:WARNING:pe_image_reader.cc(280)] could not read dos header from C:\WINDOWS\SYSTEM32\WINMM.dll
[0512/125721:ERROR:process_reader_win.cc(232)] ReadMemory at 0x74b30000 of 64 bytes failed: 仅完成部分的 ReadProcessMemory 或 WriteProcessMemory 请求。 (0x12B)
[0512/125721:WARNING:pe_image_reader.cc(280)] could not read dos header from C:\WINDOWS\SYSTEM32\profapi.dll
[0512/125721:ERROR:process_reader_win.cc(232)] ReadMemory at 0x73f50000 of 64 bytes failed: 仅完成部分的 ReadProcessMemory 或 WriteProcessMemory 请求。 (0x12B)
[0512/125721:ERROR:process_reader_win.cc(232)] ReadMemory at 0x73d70000 of 64 bytes failed: 仅完成部分的 ReadProcessMemory 或 WriteProcessMemory 请求。 (0x12B)
[0512/125721:WARNING:pe_image_reader.cc(280)] could not read dos header from C:\WINDOWS\SYSTEM32\USERENV.dll
[0512/125721:WARNING:pe_image_reader.cc(280)] could not read dos header from C:\WINDOWS\SYSTEM32\IPHLPAPI.DLL
[0512/125721:ERROR:process_reader_win.cc(232)] ReadMemory at 0x73f30000 of 64 bytes failed: 仅完成部分的 ReadProcessMemory 或 WriteProcessMemory 请求。 (0x12B)
[0512/125721:WARNING:pe_image_reader.cc(280)] could not read dos header from C:\WINDOWS\SYSTEM32\WTSAPI32.dll
[0512/125721:ERROR:process_reader_win.cc(232)] ReadMemory at 0x6fe20000 of 64 bytes failed: 仅完成部分的 ReadProcessMemory 或 WriteProcessMemory 请求。 (0x12B)
[0512/125721:WARNING:pe_image_reader.cc(280)] could not read dos header from C:\WINDOWS\SYSTEM32\USP10.dll
[0512/125721:ERROR:process_reader_win.cc(232)] ReadMemory at 0x76d10000 of 64 bytes failed: 仅完成部分的 ReadProcessMemory 或 WriteProcessMemory 请求。 (0x12B)
[0512/125721:WARNING:pe_image_reader.cc(280)] could not read dos header from C:\WINDOWS\SYSTEM32\combase.dll
[0512/125721:ERROR:process_reader_win.cc(232)] ReadMemory at 0x74a30000 of 64 bytes failed: 仅完成部分的 ReadProcessMemory 或 WriteProcessMemory 请求。 (0x12B)
[0512/125721:WARNING:pe_image_reader.cc(280)] could not read dos header from C:\WINDOWS\SYSTEM32\MSASN1.dll
[0512/125721:ERROR:process_reader_win.cc(232)] ReadMemory at 0x74cc0000 of 64 bytes failed: 仅完成部分的 ReadProcessMemory 或 WriteProcessMemory 请求。 (0x12B)
[0512/125721:WARNING:pe_image_reader.cc(280)] could not read dos header from C:\WINDOWS\SYSTEM32\shlwapi.dll
[0512/125721:ERROR:process_reader_win.cc(232)] ReadMemory at 0x74b40000 of 64 bytes failed: 仅完成部分的 ReadProcessMemory 或 WriteProcessMemory 请求。 (0x12B)
[0512/125721:WARNING:pe_image_reader.cc(280)] could not read dos header from C:\WINDOWS\SYSTEM32\CRYPT32.dll
[0512/125721:ERROR:process_reader_win.cc(232)] ReadMemory at 0x74db0000 of 64 bytes failed: 仅完成部分的 ReadProcessMemory 或 WriteProcessMemory 请求。 (0x12B)
[0512/125721:WARNING:pe_image_reader.cc(280)] could not read dos header from C:\WINDOWS\SYSTEM32\kernel.appcore.dll
[0512/125721:ERROR:process_reader_win.cc(232)] ReadMemory at 0x74aa0000 of 64 bytes failed: 仅完成部分的 ReadProcessMemory 或 WriteProcessMemory 请求。 (0x12B)
[0512/125721:WARNING:pe_image_reader.cc(280)] could not read dos header from C:\WINDOWS\SYSTEM32\shcore.dll
[0512/125721:ERROR:process_reader_win.cc(232)] ReadMemory at 0x74040000 of 64 bytes failed: 仅完成部分的 ReadProcessMemory 或 WriteProcessMemory 请求。 (0x12B)
[0512/125721:WARNING:pe_image_reader.cc(280)] could not read dos header from C:\WINDOWS\SYSTEM32\powrprof.dll
[0512/125721:ERROR:process_reader_win.cc(232)] ReadMemory at 0x76660000 of 64 bytes failed: 仅完成部分的 ReadProcessMemory 或 WriteProcessMemory 请求。 (0x12B)
[0512/125721:WARNING:pe_image_reader.cc(280)] could not read dos header from C:\WINDOWS\SYSTEM32\windows.storage.dll
[0512/125721:ERROR:process_reader_win.cc(232)] ReadMemory at 0x74ed0000 of 64 bytes failed: 仅完成部分的 ReadProcessMemory 或 WriteProcessMemory 请求。 (0x12B)
[0512/125721:WARNING:pe_image_reader.cc(280)] could not read dos header from C:\WINDOWS\SYSTEM32\SHELL32.dll
[0512/125721:ERROR:process_reader_win.cc(232)] ReadMemory at 0x74090000 of 64 bytes failed: 仅完成部分的 ReadProcessMemory 或 WriteProcessMemory 请求。 (0x12B)
[0512/125721:WARNING:pe_image_reader.cc(280)] could not read dos header from C:\WINDOWS\SYSTEM32\ole32.dll
[0512/125721:ERROR:process_reader_win.cc(232)] ReadMemory at 0x76ff0000 of 64 bytes failed: 仅完成部分的 ReadProcessMemory 或 WriteProcessMemory 请求。 (0x12B)
[0512/125721:WARNING:pe_image_reader.cc(280)] could not read dos header from C:\WINDOWS\SYSTEM32\OLEAUT32.dll
[0512/125721:ERROR:process_reader_win.cc(232)] ReadMemory at 0x74d30000 of 64 bytes failed: 仅完成部分的 ReadProcessMemory 或 WriteProcessMemory 请求。 (0x12B)
[0512/125721:WARNING:pe_image_reader.cc(280)] could not read dos header from C:\WINDOWS\SYSTEM32\PSAPI.DLL
[0512/125721:ERROR:process_reader_win.cc(232)] ReadMemory at 0x762d0000 of 64 bytes failed: 仅完成部分的 ReadProcessMemory 或 WriteProcessMemory 请求。 (0x12B)
[0512/125721:WARNING:pe_image_reader.cc(280)] could not read dos header from C:\WINDOWS\SYSTEM32\WS2_32.dll
[0512/125721:ERROR:process_reader_win.cc(232)] ReadMemory at 0x74d40000 of 64 bytes failed: 仅完成部分的 ReadProcessMemory 或 WriteProcessMemory 请求。 (0x12B)
[0512/125721:WARNING:pe_image_reader.cc(280)] could not read dos header from C:\WINDOWS\SYSTEM32\NETAPI32.dll
[0512/125721:ERROR:process_reader_win.cc(232)] ReadMemory at 0x73a10000 of 64 bytes failed: 仅完成部分的 ReadProcessMemory 或 WriteProcessMemory 请求。 (0x12B)
[0512/125721:WARNING:pe_image_reader.cc(280)] could not read dos header from C:\WINDOWS\SYSTEM32\NETUTILS.DLL
[0512/125721:ERROR:process_reader_win.cc(232)] ReadMemory at 0x72640000 of 64 bytes failed: 仅完成部分的 ReadProcessMemory 或 WriteProcessMemory 请求。 (0x12B)
[0512/125721:WARNING:pe_image_reader.cc(280)] could not read dos header from C:\WINDOWS\SYSTEM32\bcrypt.dll
[0512/125721:ERROR:process_reader_win.cc(232)] ReadMemory at 0x73490000 of 64 bytes failed: 仅完成部分的 ReadProcessMemory 或 WriteProcessMemory 请求。 (0x12B)
[0512/125721:WARNING:pe_image_reader.cc(280)] could not read dos header from C:\WINDOWS\SYSTEM32\WKSCLI.DLL
[0512/125721:ERROR:process_reader_win.cc(232)] ReadMemory at 0x72430000 of 64 bytes failed: 仅完成部分的 ReadProcessMemory 或 WriteProcessMemory 请求。 (0x12B)
[0512/125721:WARNING:pe_image_reader.cc(280)] could not read dos header from C:\Program Files (x86)\360\360safe\safemon\safemon.dll
[0512/125721:ERROR:process_reader_win.cc(232)] ReadMemory at 0x74d60000 of 64 bytes failed: 仅完成部分的 ReadProcessMemory 或 WriteProcessMemory 请求。 (0x12B)
[0512/125721:WARNING:pe_image_reader.cc(280)] could not read dos header from C:\WINDOWS\SYSTEM32\WINTRUST.dll
[0512/125721:ERROR:process_reader_win.cc(232)] ReadMemory at 0x73ad0000 of 64 bytes failed: 仅完成部分的 ReadProcessMemory 或 WriteProcessMemory 请求。 (0x12B)
[0512/125721:WARNING:pe_image_reader.cc(280)] could not read dos header from C:\WINDOWS\SYSTEM32\Secur32.dll
[0512/125721:ERROR:process_reader_win.cc(232)] ReadMemory at 0x557f0000 of 64 bytes failed: 仅完成部分的 ReadProcessMemory 或 WriteProcessMemory 请求。 (0x12B)
[0512/125721:WARNING:pe_image_reader.cc(280)] could not read dos header from C:\Program Files (x86)\Google\Chrome\Application\49.0.2623.112\chrome_child.dll
[0512/125721:ERROR:process_reader_win.cc(232)] ReadMemory at 0x6a200000 of 64 bytes failed: 仅完成部分的 ReadProcessMemory 或 WriteProcessMemory 请求。 (0x12B)
[0512/125721:WARNING:pe_image_reader.cc(280)] could not read dos header from C:\Program Files (x86)\360\360safe\360verify.dll
[0512/125721:ERROR:process_reader_win.cc(232)] ReadMemory at 0x6f730000 of 64 bytes failed: 仅完成部分的 ReadProcessMemory 或 WriteProcessMemory 请求。 (0x12B)
[0512/125721:WARNING:pe_image_reader.cc(280)] could not read dos header from C:\WINDOWS\SYSTEM32\dwrite.dll
[0512/125721:ERROR:process_reader_win.cc(232)] ReadMemory at 0x115c154 of 12 bytes failed: 仅完成部分的 ReadProcessMemory 或 WriteProcessMemory 请求。 (0x12B)
[0512/125721:WARNING:process_snapshot_win.cc(89)] ReadMemory ExceptionInformation failed
[0512/125721:WARNING:crash_report_exception_handler.cc(60)] ProcessSnapshotWin::InitializeException failed
[0512/125721:ERROR:scoped_process_suspend.cc(38)] NtResumeProcess, ntstatus=-1073741558
[0512/125721:ERROR:process_reader_win.cc(232)] ReadMemory at 0x5f110000 of 64 bytes failed: 仅完成部分的 ReadProcessMemory 或 WriteProcessMemory 请求。 (0x12B)
[0512/125721:WARNING:pe_image_reader.cc(280)] could not read dos header from C:\Program Files (x86)\360\360safe\safemon\iNetSafe.dll
[0512/125721:ERROR:process_reader_win.cc(232)] ReadMemory at 0x6fdb0000 of 64 bytes failed: 仅完成部分的 ReadProcessMemory 或 WriteProcessMemory 请求。 (0x12B)
[0512/125721:WARNING:pe_image_reader.cc(280)] could not read dos header from C:\WINDOWS\SYSTEM32\WINSPOOL.DRV
[0512/125721:ERROR:process_reader_win.cc(232)] ReadMemory at 0x72680000 of 64 bytes failed: 仅完成部分的 ReadProcessMemory 或 WriteProcessMemory 请求。 (0x12B)
[0512/125721:WARNING:pe_image_reader.cc(280)] could not read dos header from C:\WINDOWS\WinSxS\x86_microsoft.windows.common-controls_6595b64144ccf1df_6.0.10586.0_none_d3c2e4e965da4528\COMCTL32.dll
[0512/125721:ERROR:process_reader_win.cc(232)] ReadMemory at 0x77090000 of 64 bytes failed: 仅完成部分的 ReadProcessMemory 或 WriteProcessMemory 请求。 (0x12B)
[0512/125721:WARNING:pe_image_reader.cc(280)] could not read dos header from C:\WINDOWS\SYSTEM32\FirewallAPI.dll
[0512/125721:ERROR:process_reader_win.cc(232)] ReadMemory at 0x71920000 of 64 bytes failed: 仅完成部分的 ReadProcessMemory 或 WriteProcessMemory 请求。 (0x12B)
[0512/125721:WARNING:pe_image_reader.cc(280)] could not read dos header from C:\WINDOWS\SYSTEM32\fwbase.dll
[0512/125721:ERROR:process_reader_win.cc(232)] ReadMemory at 0x71a00000 of 64 bytes failed: 仅完成部分的 ReadProcessMemory 或 WriteProcessMemory 请求。 (0x12B)
[0512/125721:WARNING:pe_image_reader.cc(280)] could not read dos header from C:\WINDOWS\SYSTEM32\DAVHLPR.DLL
[0512/125721:ERROR:process_reader_win.cc(232)] ReadMemory at 0x74630000 of 64 bytes failed: 仅完成部分的 ReadProcessMemory 或 WriteProcessMemory 请求。 (0x12B)
[0512/125721:ERROR:process_reader_win.cc(232)] ReadMemory at 0x74690000 of 64 bytes failed: 仅完成部分的 ReadProcessMemory 或 WriteProcessMemory 请求。 (0x12B)
[0512/125721:WARNING:pe_image_reader.cc(280)] could not read dos header from C:\WINDOWS\SYSTEM32\bcryptPrimitives.dll
[0512/125721:WARNING:pe_image_reader.cc(280)] could not read dos header from C:\WINDOWS\SYSTEM32\COMDLG32.dll
[0512/125721:ERROR:process_reader_win.cc(232)] ReadMemory at 0x73d70000 of 64 bytes failed: 仅完成部分的 ReadProcessMemory 或 WriteProcessMemory 请求。 (0x12B)
[0512/125721:WARNING:pe_image_reader.cc(280)] could not read dos header from C:\WINDOWS\SYSTEM32\IPHLPAPI.DLL
[0512/125721:ERROR:process_reader_win.cc(232)] ReadMemory at 0x74010000 of 64 bytes failed: 仅完成部分的 ReadProcessMemory 或 WriteProcessMemory 请求。 (0x12B)
[0512/125721:ERROR:process_reader_win.cc(232)] ReadMemory at 0x6fe20000 of 64 bytes failed: 仅完成部分的 ReadProcessMemory 或 WriteProcessMemory 请求。 (0x12B)
[0512/125721:WARNING:pe_image_reader.cc(280)] could not read dos header from C:\WINDOWS\SYSTEM32\CRYPTBASE.dll
[0512/125721:WARNING:pe_image_reader.cc(280)] could not read dos header from C:\WINDOWS\SYSTEM32\USP10.dll
[0512/125721:ERROR:process_reader_win.cc(232)] ReadMemory at 0x74020000 of 64 bytes failed: 仅完成部分的 ReadProcessMemory 或 WriteProcessMemory 请求。 (0x12B)
[0512/125721:ERROR:process_reader_win.cc(232)] ReadMemory at 0x74a30000 of 64 bytes failed: 仅完成部分的 ReadProcessMemory 或 WriteProcessMemory 请求。 (0x12B)
[0512/125721:WARNING:pe_image_reader.cc(280)] could not read dos header from C:\WINDOWS\SYSTEM32\MSASN1.dll
[0512/125721:ERROR:process_reader_win.cc(232)] ReadMemory at 0x74b40000 of 64 bytes failed: 仅完成部分的 ReadProcessMemory 或 WriteProcessMemory 请求。 (0x12B)
[0512/125721:WARNING:pe_image_reader.cc(280)] could not read dos header from C:\WINDOWS\SYSTEM32\CRYPT32.dll
[0512/125721:ERROR:process_reader_win.cc(232)] ReadMemory at 0x74d60000 of 64 bytes failed: 仅完成部分的 ReadProcessMemory 或 WriteProcessMemory 请求。 (0x12B)
[0512/125721:WARNING:pe_image_reader.cc(280)] could not read dos header from C:\WINDOWS\SYSTEM32\WINTRUST.dll
[0512/125721:ERROR:process_reader_win.cc(232)] ReadMemory at 0x73ad0000 of 64 bytes failed: 仅完成部分的 ReadProcessMemory 或 WriteProcessMemory 请求。 (0x12B)
[0512/125721:WARNING:pe_image_reader.cc(280)] could not read dos header from C:\WINDOWS\SYSTEM32\Secur32.dll
[0512/125721:ERROR:process_reader_win.cc(232)] ReadMemory at 0x557f0000 of 64 bytes failed: 仅完成部分的 ReadProcessMemory 或 WriteProcessMemory 请求。 (0x12B)
[0512/125721:WARNING:pe_image_reader.cc(280)] could not read dos header from C:\Program Files (x86)\Google\Chrome\Application\49.0.2623.112\chrome_child.dll
[0512/125721:ERROR:process_reader_win.cc(232)] ReadMemory at 0x6a200000 of 64 bytes failed: 仅完成部分的 ReadProcessMemory 或 WriteProcessMemory 请求。 (0x12B)
[0512/125721:WARNING:pe_image_reader.cc(280)] could not read dos header from C:\Program Files (x86)\360\360safe\360verify.dll
[0512/125721:ERROR:process_reader_win.cc(232)] ReadMemory at 0x6f730000 of 64 bytes failed: 仅完成部分的 ReadProcessMemory 或 WriteProcessMemory 请求。 (0x12B)
[0512/125721:WARNING:pe_image_reader.cc(280)] could not read dos header from C:\WINDOWS\SYSTEM32\dwrite.dll
[0512/125721:ERROR:process_reader_win.cc(232)] ReadMemory at 0x10b0000 of 64 bytes failed: 仅完成部分的 ReadProcessMemory 或 WriteProcessMemory 请求。 (0x12B)
[0512/125721:WARNING:pe_image_reader.cc(280)] could not read dos header from C:\Program Files (x86)\Google\Chrome\Application\chrome.exe
[0512/125721:ERROR:process_reader_win.cc(232)] ReadMemory at 0x772f0000 of 64 bytes failed: 仅完成部分的 ReadProcessMemory 或 WriteProcessMemory 请求。 (0x12B)
[0512/125721:WARNING:pe_image_reader.cc(280)] could not read dos header from C:\WINDOWS\SYSTEM32\ntdll.dll
[0512/125721:ERROR:process_reader_win.cc(232)] ReadMemory at 0x764e0000 of 64 bytes failed: 仅完成部分的 ReadProcessMemory 或 WriteProcessMemory 请求。 (0x12B)
[0512/125721:WARNING:pe_image_reader.cc(280)] could not read dos header from C:\WINDOWS\SYSTEM32\KERNELBASE.dll
[0512/125721:ERROR:process_reader_win.cc(232)] ReadMemory at 0x747e0000 of 64 bytes failed: 仅完成部分的 ReadProcessMemory 或 WriteProcessMemory 请求。 (0x12B)
[0512/125721:WARNING:pe_image_reader.cc(280)] could not read dos header from C:\WINDOWS\SYSTEM32\KERNEL32.DLL
[0512/125721:ERROR:process_reader_win.cc(232)] ReadMemory at 0x73f70000 of 64 bytes failed: 仅完成部分的 ReadProcessMemory 或 WriteProcessMemory 请求。 (0x12B)
[0512/125721:WARNING:pe_image_reader.cc(280)] could not read dos header from C:\WINDOWS\system32\apphelp.dll
[0512/125721:ERROR:process_reader_win.cc(232)] ReadMemory at 0x76f30000 of 64 bytes failed: 仅完成部分的 ReadProcessMemory 或 WriteProcessMemory 请求。 (0x12B)
[0512/125721:WARNING:pe_image_reader.cc(280)] could not read dos header from C:\WINDOWS\SYSTEM32\msvcrt.dll
[0512/125721:ERROR:process_reader_win.cc(232)] ReadMemory at 0x74630000 of 64 bytes failed: 仅完成部分的 ReadProcessMemory 或 WriteProcessMemory 请求。 (0x12B)
[0512/125721:WARNING:pe_image_reader.cc(280)] could not read dos header from C:\WINDOWS\SYSTEM32\bcryptPrimitives.dll
[0512/125721:ERROR:process_reader_win.cc(232)] ReadMemory at 0x74010000 of 64 bytes failed: 仅完成部分的 ReadProcessMemory 或 WriteProcessMemory 请求。 (0x12B)
[0512/125721:WARNING:pe_image_reader.cc(280)] could not read dos header from C:\WINDOWS\SYSTEM32\CRYPTBASE.dll
[0512/125721:ERROR:process_reader_win.cc(232)] ReadMemory at 0x74020000 of 64 bytes failed: 仅完成部分的 ReadProcessMemory 或 WriteProcessMemory 请求。 (0x12B)
[0512/125721:WARNING:pe_image_reader.cc(280)] could not read dos header from C:\WINDOWS\SYSTEM32\SspiCli.dll
[0512/125721:ERROR:process_reader_win.cc(232)] ReadMemory at 0x74e20000 of 64 bytes failed: 仅完成部分的 ReadProcessMemory 或 WriteProcessMemory 请求。 (0x12B)
[0512/125721:WARNING:pe_image_reader.cc(280)] could not read dos header from C:\WINDOWS\SYSTEM32\RPCRT4.dll
[0512/125721:ERROR:process_reader_win.cc(232)] ReadMemory at 0x74790000 of 64 bytes failed: 仅完成部分的 ReadProcessMemory 或 WriteProcessMemory 请求。 (0x12B)
[0512/125721:WARNING:pe_image_reader.cc(280)] could not read dos header from C:\WINDOWS\SYSTEM32\sechost.dll
[0512/125721:ERROR:process_reader_win.cc(232)] ReadMemory at 0x77270000 of 64 bytes failed: 仅完成部分的 ReadProcessMemory 或 WriteProcessMemory 请求。 (0x12B)
[0512/125721:WARNING:pe_image_reader.cc(280)] could not read dos header from C:\WINDOWS\SYSTEM32\ADVAPI32.dll
[0512/125721:ERROR:process_reader_win.cc(232)] ReadMemory at 0x5f150000 of 64 bytes failed: 仅完成部分的 ReadProcessMemory 或 WriteProcessMemory 请求。 (0x12B)
[0512/125721:WARNING:pe_image_reader.cc(280)] could not read dos header from C:\Program Files (x86)\Google\Chrome\Application\49.0.2623.112\chrome_elf.dll
[0512/125721:ERROR:process_reader_win.cc(232)] ReadMemory at 0x721c0000 of 64 bytes failed: 仅完成部分的 ReadProcessMemory 或 WriteProcessMemory 请求。 (0x12B)
[0512/125721:WARNING:pe_image_reader.cc(280)] could not read dos header from C:\WINDOWS\SYSTEM32\WINHTTP.dll
[0512/125721:ERROR:process_reader_win.cc(232)] ReadMemory at 0x73f40000 of 64 bytes failed: 仅完成部分的 ReadProcessMemory 或 WriteProcessMemory 请求。 (0x12B)
[0512/125721:WARNING:pe_image_reader.cc(280)] could not read dos header from C:\WINDOWS\SYSTEM32\VERSION.dll
[0512/125721:ERROR:process_reader_win.cc(232)] ReadMemory at 0x76ed0000 of 64 bytes failed: 仅完成部分的 ReadProcessMemory 或 WriteProcessMemory 请求。 (0x12B)
[0512/125721:WARNING:pe_image_reader.cc(280)] could not read dos header from C:\WINDOWS\SYSTEM32\cfgmgr32.dll
[0512/125721:ERROR:process_reader_win.cc(232)] ReadMemory at 0x73b20000 of 64 bytes failed: 仅完成部分的 ReadProcessMemory 或 WriteProcessMemory 请求。 (0x12B)
[0512/125721:WARNING:pe_image_reader.cc(280)] could not read dos header from C:\WINDOWS\SYSTEM32\WINMMBASE.dll
[0512/125721:ERROR:process_reader_win.cc(232)] ReadMemory at 0x76b60000 of 64 bytes failed: 仅完成部分的 ReadProcessMemory 或 WriteProcessMemory 请求。 (0x12B)
[0512/125721:WARNING:pe_image_reader.cc(280)] could not read dos header from C:\WINDOWS\SYSTEM32\GDI32.dll
[0512/125721:ERROR:process_reader_win.cc(232)] ReadMemory at 0x770f0000 of 64 bytes failed: 仅完成部分的 ReadProcessMemory 或 WriteProcessMemory 请求。 (0x12B)
[0512/125721:WARNING:pe_image_reader.cc(280)] could not read dos header from C:\WINDOWS\SYSTEM32\USER32.dll
[0512/125721:ERROR:process_reader_win.cc(232)] ReadMemory at 0x77240000 of 64 bytes failed: 仅完成部分的 ReadProcessMemory 或 WriteProcessMemory 请求。 (0x12B)
[0512/125721:WARNING:pe_image_reader.cc(280)] could not read dos header from C:\WINDOWS\SYSTEM32\IMM32.DLL
[0512/125721:ERROR:process_reader_win.cc(232)] ReadMemory at 0x73b50000 of 64 bytes failed: 仅完成部分的 ReadProcessMemory 或 WriteProcessMemory 请求。 (0x12B)
[0512/125721:WARNING:pe_image_reader.cc(280)] could not read dos header from C:\WINDOWS\SYSTEM32\WINMM.dll
[0512/125721:ERROR:process_reader_win.cc(232)] ReadMemory at 0x74b30000 of 64 bytes failed: 仅完成部分的 ReadProcessMemory 或 WriteProcessMemory 请求。 (0x12B)
[0512/125721:WARNING:pe_image_reader.cc(280)] could not read dos header from C:\WINDOWS\SYSTEM32\profapi.dll
[0512/125721:ERROR:process_reader_win.cc(232)] ReadMemory at 0x73f50000 of 64 bytes failed: 仅完成部分的 ReadProcessMemory 或 WriteProcessMemory 请求。 (0x12B)
[0512/125721:WARNING:pe_image_reader.cc(280)] could not read dos header from C:\WINDOWS\SYSTEM32\USERENV.dll
[0512/125721:ERROR:process_reader_win.cc(232)] ReadMemory at 0x73f30000 of 64 bytes failed: 仅完成部分的 ReadProcessMemory 或 WriteProcessMemory 请求。 (0x12B)
[0512/125721:WARNING:pe_image_reader.cc(280)] could not read dos header from C:\WINDOWS\SYSTEM32\WTSAPI32.dll
[0512/125721:ERROR:process_reader_win.cc(232)] ReadMemory at 0x76d10000 of 64 bytes failed: 仅完成部分的 ReadProcessMemory 或 WriteProcessMemory 请求。 (0x12B)
[0512/125721:WARNING:pe_image_reader.cc(280)] could not read dos header from C:\WINDOWS\SYSTEM32\combase.dll
[0512/125721:ERROR:process_reader_win.cc(232)] ReadMemory at 0x74cc0000 of 64 bytes failed: 仅完成部分的 ReadProcessMemory 或 WriteProcessMemory 请求。 (0x12B)
[0512/125721:WARNING:pe_image_reader.cc(280)] could not read dos header from C:\WINDOWS\SYSTEM32\shlwapi.dll
[0512/125721:ERROR:process_reader_win.cc(232)] ReadMemory at 0x74db0000 of 64 bytes failed: 仅完成部分的 ReadProcessMemory 或 WriteProcessMemory 请求。 (0x12B)
[0512/125721:WARNING:pe_image_reader.cc(280)] could not read dos header from C:\WINDOWS\SYSTEM32\kernel.appcore.dll
[0512/125721:ERROR:process_reader_win.cc(232)] ReadMemory at 0x74aa0000 of 64 bytes failed: 仅完成部分的 ReadProcessMemory 或 WriteProcessMemory 请求。 (0x12B)
[0512/125721:WARNING:pe_image_reader.cc(280)] could not read dos header from C:\WINDOWS\SYSTEM32\shcore.dll
[0512/125721:ERROR:process_reader_win.cc(232)] ReadMemory at 0x74040000 of 64 bytes failed: 仅完成部分的 ReadProcessMemory 或 WriteProcessMemory 请求。 (0x12B)
[0512/125721:WARNING:pe_image_reader.cc(280)] could not read dos header from C:\WINDOWS\SYSTEM32\powrprof.dll
[0512/125721:WARNING:pe_image_reader.cc(280)] could not read dos header from C:\WINDOWS\SYSTEM32\SspiCli.dll
[0512/125721:ERROR:process_reader_win.cc(232)] ReadMemory at 0x76660000 of 64 bytes failed: 仅完成部分的 ReadProcessMemory 或 WriteProcessMemory 请求。 (0x12B)
[0512/125721:WARNING:pe_image_reader.cc(280)] could not read dos header from C:\WINDOWS\SYSTEM32\windows.storage.dll
[0512/125721:ERROR:process_reader_win.cc(232)] ReadMemory at 0x74ed0000 of 64 bytes failed: 仅完成部分的 ReadProcessMemory 或 WriteProcessMemory 请求。 (0x12B)
[0512/125721:WARNING:pe_image_reader.cc(280)] could not read dos header from C:\WINDOWS\SYSTEM32\SHELL32.dll
[0512/125721:ERROR:process_reader_win.cc(232)] ReadMemory at 0x74e20000 of 64 bytes failed: 仅完成部分的 ReadProcessMemory 或 WriteProcessMemory 请求。 (0x12B)
[0512/125721:ERROR:process_reader_win.cc(232)] ReadMemory at 0x74090000 of 64 bytes failed: 仅完成部分的 ReadProcessMemory 或 WriteProcessMemory 请求。 (0x12B)
[0512/125721:WARNING:pe_image_reader.cc(280)] could not read dos header from C:\WINDOWS\SYSTEM32\ole32.dll
[0512/125721:ERROR:process_reader_win.cc(232)] ReadMemory at 0x76ff0000 of 64 bytes failed: 仅完成部分的 ReadProcessMemory 或 WriteProcessMemory 请求。 (0x12B)
[0512/125721:WARNING:pe_image_reader.cc(280)] could not read dos header from C:\WINDOWS\SYSTEM32\OLEAUT32.dll
[0512/125721:ERROR:process_reader_win.cc(232)] ReadMemory at 0x74d30000 of 64 bytes failed: 仅完成部分的 ReadProcessMemory 或 WriteProcessMemory 请求。 (0x12B)
[0512/125721:WARNING:pe_image_reader.cc(280)] could not read dos header from C:\WINDOWS\SYSTEM32\PSAPI.DLL
[0512/125721:ERROR:process_reader_win.cc(232)] ReadMemory at 0x762d0000 of 64 bytes failed: 仅完成部分的 ReadProcessMemory 或 WriteProcessMemory 请求。 (0x12B)
[0512/125721:WARNING:pe_image_reader.cc(280)] could not read dos header from C:\WINDOWS\SYSTEM32\WS2_32.dll
[0512/125721:ERROR:process_reader_win.cc(232)] ReadMemory at 0x74d40000 of 64 bytes failed: 仅完成部分的 ReadProcessMemory 或 WriteProcessMemory 请求。 (0x12B)
[0512/125721:WARNING:pe_image_reader.cc(280)] could not read dos header from C:\WINDOWS\SYSTEM32\NETAPI32.dll
[0512/125721:ERROR:process_reader_win.cc(232)] ReadMemory at 0x73a10000 of 64 bytes failed: 仅完成部分的 ReadProcessMemory 或 WriteProcessMemory 请求。 (0x12B)
[0512/125721:WARNING:pe_image_reader.cc(280)] could not read dos header from C:\WINDOWS\SYSTEM32\NETUTILS.DLL
[0512/125721:ERROR:process_reader_win.cc(232)] ReadMemory at 0x72640000 of 64 bytes failed: 仅完成部分的 ReadProcessMemory 或 WriteProcessMemory 请求。 (0x12B)
[0512/125721:WARNING:pe_image_reader.cc(280)] could not read dos header from C:\WINDOWS\SYSTEM32\bcrypt.dll
[0512/125721:ERROR:process_reader_win.cc(232)] ReadMemory at 0x73490000 of 64 bytes failed: 仅完成部分的 ReadProcessMemory 或 WriteProcessMemory 请求。 (0x12B)
[0512/125721:WARNING:pe_image_reader.cc(280)] could not read dos header from C:\WINDOWS\SYSTEM32\WKSCLI.DLL
[0512/125721:ERROR:process_reader_win.cc(232)] ReadMemory at 0x72430000 of 64 bytes failed: 仅完成部分的 ReadProcessMemory 或 WriteProcessMemory 请求。 (0x12B)
[0512/125721:WARNING:pe_image_reader.cc(280)] could not read dos header from C:\Program Files (x86)\360\360safe\safemon\safemon.dll
[0512/125721:ERROR:process_reader_win.cc(232)] ReadMemory at 0x5f110000 of 64 bytes failed: 仅完成部分的 ReadProcessMemory 或 WriteProcessMemory 请求。 (0x12B)
[0512/125721:WARNING:pe_image_reader.cc(280)] could not read dos header from C:\Program Files (x86)\360\360safe\safemon\iNetSafe.dll
[0512/125721:ERROR:process_reader_win.cc(232)] ReadMemory at 0x6fdb0000 of 64 bytes failed: 仅完成部分的 ReadProcessMemory 或 WriteProcessMemory 请求。 (0x12B)
[0512/125721:WARNING:pe_image_reader.cc(280)] could not read dos header from C:\WINDOWS\SYSTEM32\WINSPOOL.DRV
[0512/125721:ERROR:process_reader_win.cc(232)] ReadMemory at 0x72680000 of 64 bytes failed: 仅完成部分的 ReadProcessMemory 或 WriteProcessMemory 请求。 (0x12B)
[0512/125721:WARNING:pe_image_reader.cc(280)] could not read dos header from C:\WINDOWS\WinSxS\x86_microsoft.windows.common-controls_6595b64144ccf1df_6.0.10586.0_none_d3c2e4e965da4528\COMCTL32.dll
[0512/125721:ERROR:process_reader_win.cc(232)] ReadMemory at 0x77090000 of 64 bytes failed: 仅完成部分的 ReadProcessMemory 或 WriteProcessMemory 请求。 (0x12B)
[0512/125721:WARNING:pe_image_reader.cc(280)] could not read dos header from C:\WINDOWS\SYSTEM32\FirewallAPI.dll
[0512/125721:ERROR:process_reader_win.cc(232)] ReadMemory at 0x71920000 of 64 bytes failed: 仅完成部分的 ReadProcessMemory 或 WriteProcessMemory 请求。 (0x12B)
[0512/125721:WARNING:pe_image_reader.cc(280)] could not read dos header from C:\WINDOWS\SYSTEM32\fwbase.dll
[0512/125721:ERROR:process_reader_win.cc(232)] ReadMemory at 0x71a00000 of 64 bytes failed: 仅完成部分的 ReadProcessMemory 或 WriteProcessMemory 请求。 (0x12B)
[0512/125721:WARNING:pe_image_reader.cc(280)] could not read dos header from C:\WINDOWS\SYSTEM32\DAVHLPR.DLL
[0512/125721:ERROR:process_reader_win.cc(232)] ReadMemory at 0x74690000 of 64 bytes failed: 仅完成部分的 ReadProcessMemory 或 WriteProcessMemory 请求。 (0x12B)
[0512/125721:WARNING:pe_image_reader.cc(280)] could not read dos header from C:\WINDOWS\SYSTEM32\COMDLG32.dll
[0512/125721:ERROR:process_reader_win.cc(232)] ReadMemory at 0x73d70000 of 64 bytes failed: 仅完成部分的 ReadProcessMemory 或 WriteProcessMemory 请求。 (0x12B)
[0512/125721:WARNING:pe_image_reader.cc(280)] could not read dos header from C:\WINDOWS\SYSTEM32\IPHLPAPI.DLL
[0512/125721:ERROR:process_reader_win.cc(232)] ReadMemory at 0x6fe20000 of 64 bytes failed: 仅完成部分的 ReadProcessMemory 或 WriteProcessMemory 请求。 (0x12B)
[0512/125721:WARNING:pe_image_reader.cc(280)] could not read dos header from C:\WINDOWS\SYSTEM32\USP10.dll
[0512/125721:ERROR:process_reader_win.cc(232)] ReadMemory at 0x74a30000 of 64 bytes failed: 仅完成部分的 ReadProcessMemory 或 WriteProcessMemory 请求。 (0x12B)
[0512/125721:WARNING:pe_image_reader.cc(280)] could not read dos header from C:\WINDOWS\SYSTEM32\MSASN1.dll
[0512/125721:ERROR:process_reader_win.cc(232)] ReadMemory at 0x74b40000 of 64 bytes failed: 仅完成部分的 ReadProcessMemory 或 WriteProcessMemory 请求。 (0x12B)
[0512/125721:WARNING:pe_image_reader.cc(280)] could not read dos header from C:\WINDOWS\SYSTEM32\CRYPT32.dll
[0512/125721:ERROR:process_reader_win.cc(232)] ReadMemory at 0x74d60000 of 64 bytes failed: 仅完成部分的 ReadProcessMemory 或 WriteProcessMemory 请求。 (0x12B)
[0512/125721:WARNING:pe_image_reader.cc(280)] could not read dos header from C:\WINDOWS\SYSTEM32\WINTRUST.dll
[0512/125721:ERROR:process_reader_win.cc(232)] ReadMemory at 0x73ad0000 of 64 bytes failed: 仅完成部分的 ReadProcessMemory 或 WriteProcessMemory 请求。 (0x12B)
[0512/125721:WARNING:pe_image_reader.cc(280)] could not read dos header from C:\WINDOWS\SYSTEM32\Secur32.dll
[0512/125721:ERROR:process_reader_win.cc(232)] ReadMemory at 0x557f0000 of 64 bytes failed: 仅完成部分的 ReadProcessMemory 或 WriteProcessMemory 请求。 (0x12B)
[0512/125721:WARNING:pe_image_reader.cc(280)] could not read dos header from C:\Program Files (x86)\Google\Chrome\Application\49.0.2623.112\chrome_child.dll
[0512/125721:ERROR:process_reader_win.cc(232)] ReadMemory at 0x6a200000 of 64 bytes failed: 仅完成部分的 ReadProcessMemory 或 WriteProcessMemory 请求。 (0x12B)
[0512/125721:WARNING:pe_image_reader.cc(280)] could not read dos header from C:\Program Files (x86)\360\360safe\360verify.dll
[0512/125721:ERROR:process_reader_win.cc(232)] ReadMemory at 0x6f730000 of 64 bytes failed: 仅完成部分的 ReadProcessMemory 或 WriteProcessMemory 请求。 (0x12B)
[0512/125721:WARNING:pe_image_reader.cc(280)] could not read dos header from C:\WINDOWS\SYSTEM32\dwrite.dll
[0512/125721:WARNING:pe_image_reader.cc(280)] could not read dos header from C:\WINDOWS\SYSTEM32\RPCRT4.dll
[0512/125721:ERROR:process_reader_win.cc(232)] ReadMemory at 0x74790000 of 64 bytes failed: 仅完成部分的 ReadProcessMemory 或 WriteProcessMemory 请求。 (0x12B)
[0512/125721:WARNING:pe_image_reader.cc(280)] could not read dos header from C:\WINDOWS\SYSTEM32\sechost.dll
[0512/125721:ERROR:scoped_process_suspend.cc(29)] NtSuspendProcess, ntstatus=-1073741558
[0512/125721:ERROR:process_info.cc(103)] ReadProcessMemory bool __cdecl crashpad::`anonymous-namespace'::ReadStruct<struct crashpad::process_types::PEB<struct crashpad::process_types::internal::Traits32>>(void *,unsigned __int64,struct crashpad::process_types::PEB<struct crashpad::process_types::internal::Traits32> *): 仅完成部分的 ReadProcessMemory 或 WriteProcessMemory 请求。 (0x12B)
[0512/125721:ERROR:process_info.cc(542)] ReadProcessData failed
[0512/125721:ERROR:process_info.cc(608)] range at 0x0, size 0x230 fully unreadable
[0512/125721:ERROR:process_reader_win.cc(232)] ReadMemory at 0x0 of 560 bytes failed: 仅完成部分的 ReadProcessMemory 或 WriteProcessMemory 请求。 (0x12B)
[0512/125721:ERROR:process_snapshot_win.cc(271)] ReadMemory PEB
[0512/125721:ERROR:process_reader_win.cc(98)] process 3948 not found
[0512/125721:ERROR:process_reader_win.cc(232)] ReadMemory at 0x115c154 of 12 bytes failed: 仅完成部分的 ReadProcessMemory 或 WriteProcessMemory 请求。 (0x12B)
[0512/125721:WARNING:process_snapshot_win.cc(89)] ReadMemory ExceptionInformation failed
[0512/125721:WARNING:crash_report_exception_handler.cc(60)] ProcessSnapshotWin::InitializeException failed
[0512/125721:ERROR:scoped_process_suspend.cc(38)] NtResumeProcess, ntstatus=-1073741558
[0512/125721:ERROR:process_reader_win.cc(232)] ReadMemory at 0x77270000 of 64 bytes failed: 仅完成部分的 ReadProcessMemory 或 WriteProcessMemory 请求。 (0x12B)
[0512/125721:WARNING:pe_image_reader.cc(280)] could not read dos header from C:\WINDOWS\SYSTEM32\ADVAPI32.dll
[0512/125721:ERROR:process_reader_win.cc(232)] ReadMemory at 0x5f150000 of 64 bytes failed: 仅完成部分的 ReadProcessMemory 或 WriteProcessMemory 请求。 (0x12B)
[0512/125721:WARNING:pe_image_reader.cc(280)] could not read dos header from C:\Program Files (x86)\Google\Chrome\Application\49.0.2623.112\chrome_elf.dll
[0512/125721:ERROR:process_reader_win.cc(232)] ReadMemory at 0x721c0000 of 64 bytes failed: 仅完成部分的 ReadProcessMemory 或 WriteProcessMemory 请求。 (0x12B)
[0512/125721:WARNING:pe_image_reader.cc(280)] could not read dos header from C:\WINDOWS\SYSTEM32\WINHTTP.dll
[0512/125721:ERROR:process_reader_win.cc(232)] ReadMemory at 0x73f40000 of 64 bytes failed: 仅完成部分的 ReadProcessMemory 或 WriteProcessMemory 请求。 (0x12B)
[0512/125721:WARNING:pe_image_reader.cc(280)] could not read dos header from C:\WINDOWS\SYSTEM32\VERSION.dll
[0512/125721:ERROR:process_reader_win.cc(232)] ReadMemory at 0x76ed0000 of 64 bytes failed: 仅完成部分的 ReadProcessMemory 或 WriteProcessMemory 请求。 (0x12B)
[0512/125721:WARNING:pe_image_reader.cc(280)] could not read dos header from C:\WINDOWS\SYSTEM32\cfgmgr32.dll
[0512/125721:ERROR:process_reader_win.cc(232)] ReadMemory at 0x73b20000 of 64 bytes failed: 仅完成部分的 ReadProcessMemory 或 WriteProcessMemory 请求。 (0x12B)
[0512/125721:WARNING:pe_image_reader.cc(280)] could not read dos header from C:\WINDOWS\SYSTEM32\WINMMBASE.dll
[0512/125721:ERROR:process_reader_win.cc(232)] ReadMemory at 0x76b60000 of 64 bytes failed: 仅完成部分的 ReadProcessMemory 或 WriteProcessMemory 请求。 (0x12B)
[0512/125721:WARNING:pe_image_reader.cc(280)] could not read dos header from C:\WINDOWS\SYSTEM32\GDI32.dll
[0512/125721:ERROR:process_reader_win.cc(232)] ReadMemory at 0x770f0000 of 64 bytes failed: 仅完成部分的 ReadProcessMemory 或 WriteProcessMemory 请求。 (0x12B)
[0512/125721:WARNING:pe_image_reader.cc(280)] could not read dos header from C:\WINDOWS\SYSTEM32\USER32.dll
[0512/125721:ERROR:process_reader_win.cc(232)] ReadMemory at 0x77240000 of 64 bytes failed: 仅完成部分的 ReadProcessMemory 或 WriteProcessMemory 请求。 (0x12B)
[0512/125721:WARNING:pe_image_reader.cc(280)] could not read dos header from C:\WINDOWS\SYSTEM32\IMM32.DLL
[0512/125721:ERROR:process_reader_win.cc(232)] ReadMemory at 0x73b50000 of 64 bytes failed: 仅完成部分的 ReadProcessMemory 或 WriteProcessMemory 请求。 (0x12B)
[0512/125721:WARNING:pe_image_reader.cc(280)] could not read dos header from C:\WINDOWS\SYSTEM32\WINMM.dll
[0512/125721:ERROR:process_reader_win.cc(232)] ReadMemory at 0x74b30000 of 64 bytes failed: 仅完成部分的 ReadProcessMemory 或 WriteProcessMemory 请求。 (0x12B)
[0512/125721:WARNING:pe_image_reader.cc(280)] could not read dos header from C:\WINDOWS\SYSTEM32\profapi.dll
[0512/125721:ERROR:process_reader_win.cc(232)] ReadMemory at 0x73f50000 of 64 bytes failed: 仅完成部分的 ReadProcessMemory 或 WriteProcessMemory 请求。 (0x12B)
[0512/125721:WARNING:pe_image_reader.cc(280)] could not read dos header from C:\WINDOWS\SYSTEM32\USERENV.dll
[0512/125721:ERROR:process_reader_win.cc(232)] ReadMemory at 0x73f30000 of 64 bytes failed: 仅完成部分的 ReadProcessMemory 或 WriteProcessMemory 请求。 (0x12B)
[0512/125721:WARNING:pe_image_reader.cc(280)] could not read dos header from C:\WINDOWS\SYSTEM32\WTSAPI32.dll
[0512/125721:ERROR:process_reader_win.cc(232)] ReadMemory at 0x76d10000 of 64 bytes failed: 仅完成部分的 ReadProcessMemory 或 WriteProcessMemory 请求。 (0x12B)
[0512/125721:WARNING:pe_image_reader.cc(280)] could not read dos header from C:\WINDOWS\SYSTEM32\combase.dll
[0512/125721:ERROR:process_reader_win.cc(232)] ReadMemory at 0x74cc0000 of 64 bytes failed: 仅完成部分的 ReadProcessMemory 或 WriteProcessMemory 请求。 (0x12B)
[0512/125721:WARNING:pe_image_reader.cc(280)] could not read dos header from C:\WINDOWS\SYSTEM32\shlwapi.dll
[0512/125721:ERROR:process_reader_win.cc(232)] ReadMemory at 0x74db0000 of 64 bytes failed: 仅完成部分的 ReadProcessMemory 或 WriteProcessMemory 请求。 (0x12B)
[0512/125721:WARNING:pe_image_reader.cc(280)] could not read dos header from C:\WINDOWS\SYSTEM32\kernel.appcore.dll
[0512/125721:ERROR:process_reader_win.cc(232)] ReadMemory at 0x74aa0000 of 64 bytes failed: 仅完成部分的 ReadProcessMemory 或 WriteProcessMemory 请求。 (0x12B)
[0512/125721:WARNING:pe_image_reader.cc(280)] could not read dos header from C:\WINDOWS\SYSTEM32\shcore.dll
[0512/125721:ERROR:process_reader_win.cc(232)] ReadMemory at 0x74040000 of 64 bytes failed: 仅完成部分的 ReadProcessMemory 或 WriteProcessMemory 请求。 (0x12B)
[0512/125721:WARNING:pe_image_reader.cc(280)] could not read dos header from C:\WINDOWS\SYSTEM32\powrprof.dll
[0512/125721:ERROR:process_reader_win.cc(232)] ReadMemory at 0x76660000 of 64 bytes failed: 仅完成部分的 ReadProcessMemory 或 WriteProcessMemory 请求。 (0x12B)
[0512/125721:WARNING:pe_image_reader.cc(280)] could not read dos header from C:\WINDOWS\SYSTEM32\windows.storage.dll
[0512/125721:ERROR:process_reader_win.cc(232)] ReadMemory at 0x74ed0000 of 64 bytes failed: 仅完成部分的 ReadProcessMemory 或 WriteProcessMemory 请求。 (0x12B)
[0512/125721:WARNING:pe_image_reader.cc(280)] could not read dos header from C:\WINDOWS\SYSTEM32\SHELL32.dll
[0512/125721:ERROR:process_reader_win.cc(232)] ReadMemory at 0x74090000 of 64 bytes failed: 仅完成部分的 ReadProcessMemory 或 WriteProcessMemory 请求。 (0x12B)
[0512/125721:WARNING:pe_image_reader.cc(280)] could not read dos header from C:\WINDOWS\SYSTEM32\ole32.dll
[0512/125721:ERROR:process_reader_win.cc(232)] ReadMemory at 0x76ff0000 of 64 bytes failed: 仅完成部分的 ReadProcessMemory 或 WriteProcessMemory 请求。 (0x12B)
[0512/125721:WARNING:pe_image_reader.cc(280)] could not read dos header from C:\WINDOWS\SYSTEM32\OLEAUT32.dll
[0512/125721:ERROR:process_reader_win.cc(232)] ReadMemory at 0x74d30000 of 64 bytes failed: 仅完成部分的 ReadProcessMemory 或 WriteProcessMemory 请求。 (0x12B)
[0512/125721:WARNING:pe_image_reader.cc(280)] could not read dos header from C:\WINDOWS\SYSTEM32\PSAPI.DLL
[0512/125721:ERROR:process_reader_win.cc(232)] ReadMemory at 0x762d0000 of 64 bytes failed: 仅完成部分的 ReadProcessMemory 或 WriteProcessMemory 请求。 (0x12B)
[0512/125721:WARNING:pe_image_reader.cc(280)] could not read dos header from C:\WINDOWS\SYSTEM32\WS2_32.dll
[0512/125721:ERROR:process_reader_win.cc(232)] ReadMemory at 0x74d40000 of 64 bytes failed: 仅完成部分的 ReadProcessMemory 或 WriteProcessMemory 请求。 (0x12B)
[0512/125721:WARNING:pe_image_reader.cc(280)] could not read dos header from C:\WINDOWS\SYSTEM32\NETAPI32.dll
[0512/125721:ERROR:process_reader_win.cc(232)] ReadMemory at 0x73a10000 of 64 bytes failed: 仅完成部分的 ReadProcessMemory 或 WriteProcessMemory 请求。 (0x12B)
[0512/125721:WARNING:pe_image_reader.cc(280)] could not read dos header from C:\WINDOWS\SYSTEM32\NETUTILS.DLL
[0512/125721:ERROR:process_reader_win.cc(232)] ReadMemory at 0x72640000 of 64 bytes failed: 仅完成部分的 ReadProcessMemory 或 WriteProcessMemory 请求。 (0x12B)
[0512/125721:WARNING:pe_image_reader.cc(280)] could not read dos header from C:\WINDOWS\SYSTEM32\bcrypt.dll
[0512/125721:ERROR:process_reader_win.cc(232)] ReadMemory at 0x73490000 of 64 bytes failed: 仅完成部分的 ReadProcessMemory 或 WriteProcessMemory 请求。 (0x12B)
[0512/125721:WARNING:pe_image_reader.cc(280)] could not read dos header from C:\WINDOWS\SYSTEM32\WKSCLI.DLL
[0512/125721:ERROR:process_reader_win.cc(232)] ReadMemory at 0x72430000 of 64 bytes failed: 仅完成部分的 ReadProcessMemory 或 WriteProcessMemory 请求。 (0x12B)
[0512/125721:WARNING:pe_image_reader.cc(280)] could not read dos header from C:\Program Files (x86)\360\360safe\safemon\safemon.dll
[0512/125721:ERROR:process_reader_win.cc(232)] ReadMemory at 0x5f110000 of 64 bytes failed: 仅完成部分的 ReadProcessMemory 或 WriteProcessMemory 请求。 (0x12B)
[0512/125721:WARNING:pe_image_reader.cc(280)] could not read dos header from C:\Program Files (x86)\360\360safe\safemon\iNetSafe.dll
[0512/125721:ERROR:process_reader_win.cc(232)] ReadMemory at 0x6fdb0000 of 64 bytes failed: 仅完成部分的 ReadProcessMemory 或 WriteProcessMemory 请求。 (0x12B)
[0512/125721:WARNING:pe_image_reader.cc(280)] could not read dos header from C:\WINDOWS\SYSTEM32\WINSPOOL.DRV
[0512/125721:ERROR:process_reader_win.cc(232)] ReadMemory at 0x72680000 of 64 bytes failed: 仅完成部分的 ReadProcessMemory 或 WriteProcessMemory 请求。 (0x12B)
[0512/125721:WARNING:pe_image_reader.cc(280)] could not read dos header from C:\WINDOWS\WinSxS\x86_microsoft.windows.common-controls_6595b64144ccf1df_6.0.10586.0_none_d3c2e4e965da4528\COMCTL32.dll
[0512/125721:ERROR:process_reader_win.cc(232)] ReadMemory at 0x77090000 of 64 bytes failed: 仅完成部分的 ReadProcessMemory 或 WriteProcessMemory 请求。 (0x12B)
[0512/125721:WARNING:pe_image_reader.cc(280)] could not read dos header from C:\WINDOWS\SYSTEM32\FirewallAPI.dll
[0512/125721:ERROR:process_reader_win.cc(232)] ReadMemory at 0x71920000 of 64 bytes failed: 仅完成部分的 ReadProcessMemory 或 WriteProcessMemory 请求。 (0x12B)
[0512/125721:WARNING:pe_image_reader.cc(280)] could not read dos header from C:\WINDOWS\SYSTEM32\fwbase.dll
[0512/125721:ERROR:process_reader_win.cc(232)] ReadMemory at 0x71a00000 of 64 bytes failed: 仅完成部分的 ReadProcessMemory 或 WriteProcessMemory 请求。 (0x12B)
[0512/125721:WARNING:pe_image_reader.cc(280)] could not read dos header from C:\WINDOWS\SYSTEM32\DAVHLPR.DLL
[0512/125721:ERROR:process_reader_win.cc(232)] ReadMemory at 0x74690000 of 64 bytes failed: 仅完成部分的 ReadProcessMemory 或 WriteProcessMemory 请求。 (0x12B)
[0512/125721:WARNING:pe_image_reader.cc(280)] could not read dos header from C:\WINDOWS\SYSTEM32\COMDLG32.dll
[0512/125721:ERROR:process_reader_win.cc(232)] ReadMemory at 0x73d70000 of 64 bytes failed: 仅完成部分的 ReadProcessMemory 或 WriteProcessMemory 请求。 (0x12B)
[0512/125721:WARNING:pe_image_reader.cc(280)] could not read dos header from C:\WINDOWS\SYSTEM32\IPHLPAPI.DLL
[0512/125721:ERROR:process_reader_win.cc(232)] ReadMemory at 0x6fe20000 of 64 bytes failed: 仅完成部分的 ReadProcessMemory 或 WriteProcessMemory 请求。 (0x12B)
[0512/125721:WARNING:pe_image_reader.cc(280)] could not read dos header from C:\WINDOWS\SYSTEM32\USP10.dll
[0512/125721:ERROR:process_reader_win.cc(232)] ReadMemory at 0x74a30000 of 64 bytes failed: 仅完成部分的 ReadProcessMemory 或 WriteProcessMemory 请求。 (0x12B)
[0512/125721:WARNING:pe_image_reader.cc(280)] could not read dos header from C:\WINDOWS\SYSTEM32\MSASN1.dll
[0512/125721:ERROR:process_reader_win.cc(232)] ReadMemory at 0x74b40000 of 64 bytes failed: 仅完成部分的 ReadProcessMemory 或 WriteProcessMemory 请求。 (0x12B)
[0512/125721:WARNING:pe_image_reader.cc(280)] could not read dos header from C:\WINDOWS\SYSTEM32\CRYPT32.dll
[0512/125721:ERROR:process_reader_win.cc(232)] ReadMemory at 0x74d60000 of 64 bytes failed: 仅完成部分的 ReadProcessMemory 或 WriteProcessMemory 请求。 (0x12B)
[0512/125721:WARNING:pe_image_reader.cc(280)] could not read dos header from C:\WINDOWS\SYSTEM32\WINTRUST.dll
[0512/125721:ERROR:process_reader_win.cc(232)] ReadMemory at 0x73ad0000 of 64 bytes failed: 仅完成部分的 ReadProcessMemory 或 WriteProcessMemory 请求。 (0x12B)
[0512/125721:WARNING:pe_image_reader.cc(280)] could not read dos header from C:\WINDOWS\SYSTEM32\Secur32.dll
[0512/125721:ERROR:process_reader_win.cc(232)] ReadMemory at 0x557f0000 of 64 bytes failed: 仅完成部分的 ReadProcessMemory 或 WriteProcessMemory 请求。 (0x12B)
[0512/125721:WARNING:pe_image_reader.cc(280)] could not read dos header from C:\Program Files (x86)\Google\Chrome\Application\49.0.2623.112\chrome_child.dll
[0512/125721:ERROR:process_reader_win.cc(232)] ReadMemory at 0x6a200000 of 64 bytes failed: 仅完成部分的 ReadProcessMemory 或 WriteProcessMemory 请求。 (0x12B)
[0512/125721:WARNING:pe_image_reader.cc(280)] could not read dos header from C:\Program Files (x86)\360\360safe\360verify.dll
[0512/125721:ERROR:process_reader_win.cc(232)] ReadMemory at 0x6f730000 of 64 bytes failed: 仅完成部分的 ReadProcessMemory 或 WriteProcessMemory 请求。 (0x12B)
[0512/125721:WARNING:pe_image_reader.cc(280)] could not read dos header from C:\WINDOWS\SYSTEM32\dwrite.dll
[0512/125721:ERROR:process_reader_win.cc(232)] ReadMemory at 0x115c154 of 12 bytes failed: 仅完成部分的 ReadProcessMemory 或 WriteProcessMemory 请求。 (0x12B)
[0512/125721:WARNING:process_snapshot_win.cc(89)] ReadMemory ExceptionInformation failed
[0512/125721:WARNING:crash_report_exception_handler.cc(60)] ProcessSnapshotWin::InitializeException failed
[0512/125721:ERROR:scoped_process_suspend.cc(38)] NtResumeProcess, ntstatus=-1073741558
[0512/125721:ERROR:process_reader_win.cc(232)] ReadMemory at 0x18a000 of 24576 bytes failed: 仅完成部分的 ReadProcessMemory 或 WriteProcessMemory 请求。 (0x12B)
[0512/125721:ERROR:crash_report_exception_handler.cc(102)] WriteEverything failed
[0512/125721:ERROR:scoped_process_suspend.cc(38)] NtResumeProcess, ntstatus=-1073741558
[0512/125721:ERROR:process_reader_win.cc(232)] ReadMemory at 0x186000 of 40960 bytes failed: 仅完成部分的 ReadProcessMemory 或 WriteProcessMemory 请求。 (0x12B)
[0512/125721:ERROR:crash_report_exception_handler.cc(102)] WriteEverything failed
[0512/125721:ERROR:scoped_process_suspend.cc(38)] NtResumeProcess, ntstatus=-1073741558
[0512/144233:ERROR:process_reader_win.cc(232)] ReadMemory at 0xdcfda8 of 60 bytes failed: 仅完成部分的 ReadProcessMemory 或 WriteProcessMemory 请求。 (0x12B)
[0512/144233:ERROR:crash_report_exception_handler.cc(102)] WriteEverything failed
[0512/144233:ERROR:scoped_process_suspend.cc(38)] NtResumeProcess, ntstatus=-1073741558
[0512/150702:ERROR:process_reader_win.cc(232)] ReadMemory at 0x19a000 of 24576 bytes failed: 仅完成部分的 ReadProcessMemory 或 WriteProcessMemory 请求。 (0x12B)
[0512/150702:ERROR:crash_report_exception_handler.cc(102)] WriteEverything failed
[0512/150702:ERROR:scoped_process_suspend.cc(38)] NtResumeProcess, ntstatus=-1073741558
